<?xml version="1.0" encoding="UTF-8"?><testsuite errors="2" failures="0" name="org.icrc.fadapplic.IRIS.FAD.GeneralLedger.BatchPosting" skipped="0" tests="2" time="156.2" timestamp="2024-11-20 11:07:08"><testcase classname="org.icrc.fadapplic.IRIS.FAD.GeneralLedger.BatchPosting" name="Batch posting voiding process"><error message="no such element: Unable to locate element: {&quot;method&quot;:&quot;xpath&quot;,&quot;selector&quot;:&quot;//div[contains(@class, 'modal') and contains(@style, 'left: 0px')]//div[2]//table&quot;}&#10;  (Session info: chrome=131.0.6778.70)&#10;For documentation on this error, please visit: https://www.seleniumhq.org/exceptions/no_such_element.html&#10;Build info: version: '3.141.59', revision: 'e82be7d358', time: '2018-11-14T08:17:03'&#10;System info: host: 'PCS15848', ip: '192.168.1.12', os.name: 'Windows 10', os.arch: 'amd64', os.version: '10.0', java.version: '1.8.0_392'&#10;Driver info: org.openqa.selenium.chrome.ChromeDriver&#10;Capabilities {acceptInsecureCerts: false, browserName: chrome, browserVersion: 131.0.6778.70, chrome: {chromedriverVersion: 130.0.6723.69 (3ec172b971b9..., userDataDir: C:\Users\A734509\AppData\Lo...}, fedcm:accounts: true, goog:chromeOptions: {debuggerAddress: localhost:55010}, javascriptEnabled: true, networkConnectionEnabled: false, pageLoadStrategy: normal, platform: WINDOWS, platformName: WINDOWS, proxy: Proxy(), setWindowRect: true, strictFileInteractability: false, timeouts: {implicit: 0, pageLoad: 300000, script: 30000}, unhandledPromptBehavior: dismiss and notify, webauthn:extension:credBlob: true, webauthn:extension:largeBlob: true, webauthn:extension:minPinLength: true, webauthn:extension:prf: true, webauthn:virtualAuthenticators: true}&#10;Session ID: 4c3400ccd81301c02ba54efc27164f84&#10;*** Element info: {Using=xpath, value=//div[contains(@class, 'modal') and contains(@style, 'left: 0px')]//div[2]//table}" type="org.openqa.selenium.NoSuchElementException">no such element: Unable to locate element: {"method":"xpath","selector":"//div[contains(@class, 'modal') and contains(@style, 'left: 0px')]//div[2]//table"}
  (Session info: chrome=131.0.6778.70)
For documentation on this error, please visit: https://www.seleniumhq.org/exceptions/no_such_element.html
Build info: version: '3.141.59', revision: 'e82be7d358', time: '2018-11-14T08:17:03'
System info: host: 'PCS15848', ip: '192.168.1.12', os.name: 'Windows 10', os.arch: 'amd64', os.version: '10.0', java.version: '1.8.0_392'
Driver info: org.openqa.selenium.chrome.ChromeDriver
Capabilities {acceptInsecureCerts: false, browserName: chrome, browserVersion: 131.0.6778.70, chrome: {chromedriverVersion: 130.0.6723.69 (3ec172b971b9..., userDataDir: C:\Users\A734509\AppData\Lo...}, fedcm:accounts: true, goog:chromeOptions: {debuggerAddress: localhost:55010}, javascriptEnabled: true, networkConnectionEnabled: false, pageLoadStrategy: normal, platform: WINDOWS, platformName: WINDOWS, proxy: Proxy(), setWindowRect: true, strictFileInteractability: false, timeouts: {implicit: 0, pageLoad: 300000, script: 30000}, unhandledPromptBehavior: dismiss and notify, webauthn:extension:credBlob: true, webauthn:extension:largeBlob: true, webauthn:extension:minPinLength: true, webauthn:extension:prf: true, webauthn:virtualAuthenticators: true}
Session ID: 4c3400ccd81301c02ba54efc27164f84
*** Element info: {Using=xpath, value=//div[contains(@class, 'modal') and contains(@style, 'left: 0px')]//div[2]//table}</error><system-err>no such element: Unable to locate element: {"method":"xpath","selector":"//div[contains(@class, 'modal') and contains(@style, 'left: 0px')]//div[2]//table"}
  (Session info: chrome=131.0.6778.70)
For documentation on this error, please visit: https://www.seleniumhq.org/exceptions/no_such_element.html
Build info: version: '3.141.59', revision: 'e82be7d358', time: '2018-11-14T08:17:03'
System info: host: 'PCS15848', ip: '192.168.1.12', os.name: 'Windows 10', os.arch: 'amd64', os.version: '10.0', java.version: '1.8.0_392'
Driver info: org.openqa.selenium.chrome.ChromeDriver
Capabilities {acceptInsecureCerts: false, browserName: chrome, browserVersion: 131.0.6778.70, chrome: {chromedriverVersion: 130.0.6723.69 (3ec172b971b9..., userDataDir: C:\Users\A734509\AppData\Lo...}, fedcm:accounts: true, goog:chromeOptions: {debuggerAddress: localhost:55010}, javascriptEnabled: true, networkConnectionEnabled: false, pageLoadStrategy: normal, platform: WINDOWS, platformName: WINDOWS, proxy: Proxy(), setWindowRect: true, strictFileInteractability: false, timeouts: {implicit: 0, pageLoad: 300000, script: 30000}, unhandledPromptBehavior: dismiss and notify, webauthn:extension:credBlob: true, webauthn:extension:largeBlob: true, webauthn:extension:minPinLength: true, webauthn:extension:prf: true, webauthn:virtualAuthenticators: true}
Session ID: 4c3400ccd81301c02ba54efc27164f84
*** Element info: {Using=xpath, value=//div[contains(@class, 'modal') and contains(@style, 'left: 0px')]//div[2]//table}&#13;
pageobjects.IRIS.FAD.FADModalPage.getRowElementFromTable(FADModalPage.java:44)&#13;
pageobjects.IRIS.FAD.FADModalPage.selectFirstCheckbox(FADModalPage.java:35)&#13;
steps.IRIS.FAD.GeneralLedgerEntrySteps.when_I_select_first_checkbox_from_Select_Cash_modal(GeneralLedgerEntrySteps.java:71)&#13;
org.icrc.fadapplic.IRIS.FAD.GeneralLedger.BatchPosting.batchPostingVoidingProcess(BatchPosting.java:138)&#13;
</system-err></testcase><testcase classname="org.icrc.fadapplic.IRIS.FAD.GeneralLedger.BatchPosting" name="Batch posting general ledger entry"><error message="no such element: Unable to locate element: {&quot;method&quot;:&quot;xpath&quot;,&quot;selector&quot;:&quot; //div//table[contains(@class,'table')]//tbody//tr[contains(@class, 'table')][0]//td[0]//div[@class='form-item']&quot;}&#10;  (Session info: chrome=131.0.6778.70)&#10;For documentation on this error, please visit: https://www.seleniumhq.org/exceptions/no_such_element.html&#10;Build info: version: '3.141.59', revision: 'e82be7d358', time: '2018-11-14T08:17:03'&#10;System info: host: 'PCS15848', ip: '192.168.1.12', os.name: 'Windows 10', os.arch: 'amd64', os.version: '10.0', java.version: '1.8.0_392'&#10;Driver info: org.openqa.selenium.chrome.ChromeDriver&#10;Capabilities {acceptInsecureCerts: false, browserName: chrome, browserVersion: 131.0.6778.70, chrome: {chromedriverVersion: 130.0.6723.69 (3ec172b971b9..., userDataDir: C:\Users\A734509\AppData\Lo...}, fedcm:accounts: true, goog:chromeOptions: {debuggerAddress: localhost:55065}, javascriptEnabled: true, networkConnectionEnabled: false, pageLoadStrategy: normal, platform: WINDOWS, platformName: WINDOWS, proxy: Proxy(), setWindowRect: true, strictFileInteractability: false, timeouts: {implicit: 0, pageLoad: 300000, script: 30000}, unhandledPromptBehavior: dismiss and notify, webauthn:extension:credBlob: true, webauthn:extension:largeBlob: true, webauthn:extension:minPinLength: true, webauthn:extension:prf: true, webauthn:virtualAuthenticators: true}&#10;Session ID: 8fd7d4a055fe06cc15a71c0b03f01542&#10;*** Element info: {Using=xpath, value= //div//table[contains(@class,'table')]//tbody//tr[contains(@class, 'table')][0]//td[0]//div[@class='form-item']}" type="org.openqa.selenium.NoSuchElementException">no such element: Unable to locate element: {"method":"xpath","selector":" //div//table[contains(@class,'table')]//tbody//tr[contains(@class, 'table')][0]//td[0]//div[@class='form-item']"}
  (Session info: chrome=131.0.6778.70)
For documentation on this error, please visit: https://www.seleniumhq.org/exceptions/no_such_element.html
Build info: version: '3.141.59', revision: 'e82be7d358', time: '2018-11-14T08:17:03'
System info: host: 'PCS15848', ip: '192.168.1.12', os.name: 'Windows 10', os.arch: 'amd64', os.version: '10.0', java.version: '1.8.0_392'
Driver info: org.openqa.selenium.chrome.ChromeDriver
Capabilities {acceptInsecureCerts: false, browserName: chrome, browserVersion: 131.0.6778.70, chrome: {chromedriverVersion: 130.0.6723.69 (3ec172b971b9..., userDataDir: C:\Users\A734509\AppData\Lo...}, fedcm:accounts: true, goog:chromeOptions: {debuggerAddress: localhost:55065}, javascriptEnabled: true, networkConnectionEnabled: false, pageLoadStrategy: normal, platform: WINDOWS, platformName: WINDOWS, proxy: Proxy(), setWindowRect: true, strictFileInteractability: false, timeouts: {implicit: 0, pageLoad: 300000, script: 30000}, unhandledPromptBehavior: dismiss and notify, webauthn:extension:credBlob: true, webauthn:extension:largeBlob: true, webauthn:extension:minPinLength: true, webauthn:extension:prf: true, webauthn:virtualAuthenticators: true}
Session ID: 8fd7d4a055fe06cc15a71c0b03f01542
*** Element info: {Using=xpath, value= //div//table[contains(@class,'table')]//tbody//tr[contains(@class, 'table')][0]//td[0]//div[@class='form-item']}</error><system-err>no such element: Unable to locate element: {"method":"xpath","selector":" //div//table[contains(@class,'table')]//tbody//tr[contains(@class, 'table')][0]//td[0]//div[@class='form-item']"}
  (Session info: chrome=131.0.6778.70)
For documentation on this error, please visit: https://www.seleniumhq.org/exceptions/no_such_element.html
Build info: version: '3.141.59', revision: 'e82be7d358', time: '2018-11-14T08:17:03'
System info: host: 'PCS15848', ip: '192.168.1.12', os.name: 'Windows 10', os.arch: 'amd64', os.version: '10.0', java.version: '1.8.0_392'
Driver info: org.openqa.selenium.chrome.ChromeDriver
Capabilities {acceptInsecureCerts: false, browserName: chrome, browserVersion: 131.0.6778.70, chrome: {chromedriverVersion: 130.0.6723.69 (3ec172b971b9..., userDataDir: C:\Users\A734509\AppData\Lo...}, fedcm:accounts: true, goog:chromeOptions: {debuggerAddress: localhost:55065}, javascriptEnabled: true, networkConnectionEnabled: false, pageLoadStrategy: normal, platform: WINDOWS, platformName: WINDOWS, proxy: Proxy(), setWindowRect: true, strictFileInteractability: false, timeouts: {implicit: 0, pageLoad: 300000, script: 30000}, unhandledPromptBehavior: dismiss and notify, webauthn:extension:credBlob: true, webauthn:extension:largeBlob: true, webauthn:extension:minPinLength: true, webauthn:extension:prf: true, webauthn:virtualAuthenticators: true}
Session ID: 8fd7d4a055fe06cc15a71c0b03f01542
*** Element info: {Using=xpath, value= //div//table[contains(@class,'table')]//tbody//tr[contains(@class, 'table')][0]//td[0]//div[@class='form-item']}&#13;
pageobjects.IRIS.FAD.FADGenericPage.typeIntoTextField(FADGenericPage.java:149)&#13;
pageobjects.IRIS.FAD.FADGenericPage.typeAndSelectDropdownOption(FADGenericPage.java:140)&#13;
pageobjects.IRIS.FAD.FADGenericPage.setDropDownValueFromTable(FADGenericPage.java:316)&#13;
pageobjects.IRIS.FAD.FADGenericPage.setDropDownValueFromTable(FADGenericPage.java:312)&#13;
pageobjects.IRIS.FAD.GeneralLedgerEntryPage.setAccountNumberFromGLDistributionTable(GeneralLedgerEntryPage.java:31)&#13;
steps.IRIS.FAD.GeneralLedgerEntrySteps.when_I_set_the_Account_Number(GeneralLedgerEntrySteps.java:40)&#13;
org.icrc.fadapplic.IRIS.FAD.GeneralLedger.BatchPosting.batchPostingGeneralLedgerEntry(BatchPosting.java:58)&#13;
</system-err></testcase></testsuite>