<?xml version="1.0" encoding="UTF-8"?><testsuite errors="2" failures="3" name="org.icrc.fadapplic.IRIS.FAD.AccountsPayable.ManageBankAccount" skipped="0" tests="5" time="382.44" timestamp="2024-11-21 08:12:00"><testcase classname="org.icrc.fadapplic.IRIS.FAD.AccountsPayable.ManageBankAccount" name="Add a bank account"><error message="Expected condition failed: waiting for visibility of element located by By.xpath: //div[@class = 'sidebar-menu-container'] (tried for 10 second(s) with 100 milliseconds interval)" type="org.openqa.selenium.TimeoutException">Expected condition failed: waiting for visibility of element located by By.xpath: //div[@class = 'sidebar-menu-container'] (tried for 10 second(s) with 100 milliseconds interval)</error><system-err>Expected condition failed: waiting for visibility of element located by By.xpath: //div[@class = 'sidebar-menu-container'] (tried for 10 second(s) with 100 milliseconds interval)&#13;
utils.ExplicitWait.explicitlyWaitForVisibilityOfElement(ExplicitWait.java:30)&#13;
pageobjects.IRIS.FAD.FADSidebarPage.clickSidebarMenu(FADSidebarPage.java:9)&#13;
pageobjects.IRIS.FAD.FADSidebarPage.openSidebarMenu(FADSidebarPage.java:14)&#13;
steps.IRIS.FAD.FADGenericSteps.when_I_open_page_from_sidebar_menu(FADGenericSteps.java:25)&#13;
steps.IRIS.FAD.ManageBankAccountSteps.given_that_Im_logged_into_Manage_Bank_Account_page(ManageBankAccountSteps.java:18)&#13;
org.icrc.fadapplic.IRIS.FAD.AccountsPayable.ManageBankAccount.addABankAccount(ManageBankAccount.java:379)&#13;
</system-err></testcase><testcase classname="org.icrc.fadapplic.IRIS.FAD.AccountsPayable.ManageBankAccount" name="Edit a bank account"><error message="Expected condition failed: waiting for visibility of element located by By.xpath: //div[@class = 'sidebar-menu-container'] (tried for 10 second(s) with 100 milliseconds interval)" type="org.openqa.selenium.TimeoutException">Expected condition failed: waiting for visibility of element located by By.xpath: //div[@class = 'sidebar-menu-container'] (tried for 10 second(s) with 100 milliseconds interval)</error><system-err>Expected condition failed: waiting for visibility of element located by By.xpath: //div[@class = 'sidebar-menu-container'] (tried for 10 second(s) with 100 milliseconds interval)&#13;
utils.ExplicitWait.explicitlyWaitForVisibilityOfElement(ExplicitWait.java:30)&#13;
pageobjects.IRIS.FAD.FADSidebarPage.clickSidebarMenu(FADSidebarPage.java:9)&#13;
pageobjects.IRIS.FAD.FADSidebarPage.openSidebarMenu(FADSidebarPage.java:14)&#13;
steps.IRIS.FAD.FADGenericSteps.when_I_open_page_from_sidebar_menu(FADGenericSteps.java:25)&#13;
steps.IRIS.FAD.ManageBankAccountSteps.given_that_Im_logged_into_Manage_Bank_Account_page(ManageBankAccountSteps.java:18)&#13;
org.icrc.fadapplic.IRIS.FAD.AccountsPayable.ManageBankAccount.editABankAccount(ManageBankAccount.java:307)&#13;
</system-err></testcase><testcase classname="org.icrc.fadapplic.IRIS.FAD.AccountsPayable.ManageBankAccount" name="Search a bank account"><failure type="java.lang.AssertionError"/><system-err>null&#13;
steps.IRIS.FAD.ManageBankAccountSteps.then_the_Manage_Bank_Account_page_and_its_contents_should_show_up(ManageBankAccountSteps.java:24)&#13;
org.icrc.fadapplic.IRIS.FAD.AccountsPayable.ManageBankAccount.searchABankAccount(ManageBankAccount.java:273)&#13;
</system-err></testcase><testcase classname="org.icrc.fadapplic.IRIS.FAD.AccountsPayable.ManageBankAccount" name="Activate a bank account"><failure type="java.lang.AssertionError"/><system-err>null&#13;
steps.IRIS.FAD.ManageBankAccountSteps.then_the_Manage_Bank_Account_page_and_its_contents_should_show_up(ManageBankAccountSteps.java:24)&#13;
org.icrc.fadapplic.IRIS.FAD.AccountsPayable.ManageBankAccount.activateABankAccount(ManageBankAccount.java:243)&#13;
</system-err></testcase><testcase classname="org.icrc.fadapplic.IRIS.FAD.AccountsPayable.ManageBankAccount" name="Manage bank account using GVAGL bank account"><failure type="java.lang.AssertionError"/><system-err>null&#13;
steps.IRIS.FAD.ManageBankAccountSteps.then_the_Manage_Bank_Account_page_and_its_contents_should_show_up(ManageBankAccountSteps.java:24)&#13;
org.icrc.fadapplic.IRIS.FAD.AccountsPayable.ManageBankAccount.manageBankAccountUsingGVAGLBankAccount(ManageBankAccount.java:64)&#13;
</system-err></testcase></testsuite>