<?xml version="1.0" encoding="UTF-8"?><testsuite errors="25" failures="2" name="org.icrc.fadapplic.IRIS.FAD.AccountsPayable.VoucherEntries" skipped="0" tests="35" time="4664.17" timestamp="2024-11-21 10:29:43"><testcase classname="org.icrc.fadapplic.IRIS.FAD.AccountsPayable.VoucherEntries" name="Release retention full"><failure type="java.lang.AssertionError"/><system-err>null&#13;
steps.IRIS.FAD.ReleaseRetentionSteps.then_Release_Retention_search_result_should_show_up(ReleaseRetentionSteps.java:43)&#13;
org.icrc.fadapplic.IRIS.FAD.AccountsPayable.VoucherEntries.releaseRetentionFull(VoucherEntries.java:1722)&#13;
</system-err></testcase><testcase classname="org.icrc.fadapplic.IRIS.FAD.AccountsPayable.VoucherEntries" name="Voucher entry without tax rate"/><testcase classname="org.icrc.fadapplic.IRIS.FAD.AccountsPayable.VoucherEntries" name="Voucher match with positive for adding a line"><error message="Index: 0, Size: 0" type="java.lang.IndexOutOfBoundsException">Index: 0, Size: 0</error><system-err>Index: 0, Size: 0&#13;
pageobjects.IRIS.FAD.VoucherMatchPage.clickSeeMoreDetails(VoucherMatchPage.java:71)&#13;
steps.IRIS.FAD.VoucherMatchSteps.when_I_click_See_More_Details_button(VoucherMatchSteps.java:70)&#13;
org.icrc.fadapplic.IRIS.FAD.AccountsPayable.VoucherEntries.voucherMatchWithPositiveForAddingALine(VoucherEntries.java:2065)&#13;
</system-err></testcase><testcase classname="org.icrc.fadapplic.IRIS.FAD.AccountsPayable.VoucherEntries" name="Voucher entry with single multiple lines"/><testcase classname="org.icrc.fadapplic.IRIS.FAD.AccountsPayable.VoucherEntries" name="Checking line reference place holder"><error message="no such element: Unable to locate element: {&quot;method&quot;:&quot;xpath&quot;,&quot;selector&quot;:&quot; //div//table[contains(@class,'table')]//tbody//tr[contains(@class, 'table')][1]//td[0]//div[@class='form-item']&quot;}&#10;  (Session info: chrome=131.0.6778.71)&#10;For documentation on this error, please visit: https://www.seleniumhq.org/exceptions/no_such_element.html&#10;Build info: version: '3.141.59', revision: 'e82be7d358', time: '2018-11-14T08:17:03'&#10;System info: host: 'PCS15848', ip: '192.168.1.12', os.name: 'Windows 10', os.arch: 'amd64', os.version: '10.0', java.version: '1.8.0_392'&#10;Driver info: org.openqa.selenium.chrome.ChromeDriver&#10;Capabilities {acceptInsecureCerts: false, browserName: chrome, browserVersion: 131.0.6778.71, chrome: {chromedriverVersion: 130.0.6723.69 (3ec172b971b9..., userDataDir: C:\Users\A734509\AppData\Lo...}, fedcm:accounts: true, goog:chromeOptions: {debuggerAddress: localhost:57026}, javascriptEnabled: true, networkConnectionEnabled: false, pageLoadStrategy: normal, platform: WINDOWS, platformName: WINDOWS, proxy: Proxy(), setWindowRect: true, strictFileInteractability: false, timeouts: {implicit: 0, pageLoad: 300000, script: 30000}, unhandledPromptBehavior: dismiss and notify, webauthn:extension:credBlob: true, webauthn:extension:largeBlob: true, webauthn:extension:minPinLength: true, webauthn:extension:prf: true, webauthn:virtualAuthenticators: true}&#10;Session ID: 01eb9258a5c554361308a3a5ad91bb2b&#10;*** Element info: {Using=xpath, value= //div//table[contains(@class,'table')]//tbody//tr[contains(@class, 'table')][1]//td[0]//div[@class='form-item']}" type="org.openqa.selenium.NoSuchElementException">no such element: Unable to locate element: {"method":"xpath","selector":" //div//table[contains(@class,'table')]//tbody//tr[contains(@class, 'table')][1]//td[0]//div[@class='form-item']"}
  (Session info: chrome=131.0.6778.71)
For documentation on this error, please visit: https://www.seleniumhq.org/exceptions/no_such_element.html
Build info: version: '3.141.59', revision: 'e82be7d358', time: '2018-11-14T08:17:03'
System info: host: 'PCS15848', ip: '192.168.1.12', os.name: 'Windows 10', os.arch: 'amd64', os.version: '10.0', java.version: '1.8.0_392'
Driver info: org.openqa.selenium.chrome.ChromeDriver
Capabilities {acceptInsecureCerts: false, browserName: chrome, browserVersion: 131.0.6778.71, chrome: {chromedriverVersion: 130.0.6723.69 (3ec172b971b9..., userDataDir: C:\Users\A734509\AppData\Lo...}, fedcm:accounts: true, goog:chromeOptions: {debuggerAddress: localhost:57026}, javascriptEnabled: true, networkConnectionEnabled: false, pageLoadStrategy: normal, platform: WINDOWS, platformName: WINDOWS, proxy: Proxy(), setWindowRect: true, strictFileInteractability: false, timeouts: {implicit: 0, pageLoad: 300000, script: 30000}, unhandledPromptBehavior: dismiss and notify, webauthn:extension:credBlob: true, webauthn:extension:largeBlob: true, webauthn:extension:minPinLength: true, webauthn:extension:prf: true, webauthn:virtualAuthenticators: true}
Session ID: 01eb9258a5c554361308a3a5ad91bb2b
*** Element info: {Using=xpath, value= //div//table[contains(@class,'table')]//tbody//tr[contains(@class, 'table')][1]//td[0]//div[@class='form-item']}</error><system-err>no such element: Unable to locate element: {"method":"xpath","selector":" //div//table[contains(@class,'table')]//tbody//tr[contains(@class, 'table')][1]//td[0]//div[@class='form-item']"}
  (Session info: chrome=131.0.6778.71)
For documentation on this error, please visit: https://www.seleniumhq.org/exceptions/no_such_element.html
Build info: version: '3.141.59', revision: 'e82be7d358', time: '2018-11-14T08:17:03'
System info: host: 'PCS15848', ip: '192.168.1.12', os.name: 'Windows 10', os.arch: 'amd64', os.version: '10.0', java.version: '1.8.0_392'
Driver info: org.openqa.selenium.chrome.ChromeDriver
Capabilities {acceptInsecureCerts: false, browserName: chrome, browserVersion: 131.0.6778.71, chrome: {chromedriverVersion: 130.0.6723.69 (3ec172b971b9..., userDataDir: C:\Users\A734509\AppData\Lo...}, fedcm:accounts: true, goog:chromeOptions: {debuggerAddress: localhost:57026}, javascriptEnabled: true, networkConnectionEnabled: false, pageLoadStrategy: normal, platform: WINDOWS, platformName: WINDOWS, proxy: Proxy(), setWindowRect: true, strictFileInteractability: false, timeouts: {implicit: 0, pageLoad: 300000, script: 30000}, unhandledPromptBehavior: dismiss and notify, webauthn:extension:credBlob: true, webauthn:extension:largeBlob: true, webauthn:extension:minPinLength: true, webauthn:extension:prf: true, webauthn:virtualAuthenticators: true}
Session ID: 01eb9258a5c554361308a3a5ad91bb2b
*** Element info: {Using=xpath, value= //div//table[contains(@class,'table')]//tbody//tr[contains(@class, 'table')][1]//td[0]//div[@class='form-item']}&#13;
pageobjects.IRIS.FAD.FADGenericPage.multipleTypeIntoInputPerCharacter(FADGenericPage.java:227)&#13;
pageobjects.IRIS.FAD.FADGenericPage.multipleTypeIntoInputPerCharacter(FADGenericPage.java:222)&#13;
pageobjects.IRIS.FAD.FADGenericPage.setTextFieldValueFromTable(FADGenericPage.java:332)&#13;
pageobjects.IRIS.FAD.VoucherEntryPage.setGrossAmount(VoucherEntryPage.java:32)&#13;
steps.IRIS.FAD.VoucherEntrySteps.when_I_set_Gross_Amount_from_table(VoucherEntrySteps.java:92)&#13;
org.icrc.fadapplic.IRIS.FAD.AccountsPayable.VoucherEntries.checkingLineReferencePlaceHolder(VoucherEntries.java:594)&#13;
</system-err></testcase><testcase classname="org.icrc.fadapplic.IRIS.FAD.AccountsPayable.VoucherEntries" name="Search and post PV"><error message="Index: 0, Size: 0" type="java.lang.IndexOutOfBoundsException">Index: 0, Size: 0</error><system-err>Index: 0, Size: 0&#13;
pageobjects.IRIS.FAD.VoucherMatchPage.clickSeeMoreDetails(VoucherMatchPage.java:71)&#13;
steps.IRIS.FAD.VoucherMatchSteps.when_I_click_See_More_Details_button(VoucherMatchSteps.java:70)&#13;
org.icrc.fadapplic.IRIS.FAD.AccountsPayable.VoucherEntries.searchAndPostPV(VoucherEntries.java:287)&#13;
</system-err></testcase><testcase classname="org.icrc.fadapplic.IRIS.FAD.AccountsPayable.VoucherEntries" name="Voucher entry delete a line"/><testcase classname="org.icrc.fadapplic.IRIS.FAD.AccountsPayable.VoucherEntries" name="Voucher match with tax"><error message="Index: 0, Size: 0" type="java.lang.IndexOutOfBoundsException">Index: 0, Size: 0</error><system-err>Index: 0, Size: 0&#13;
pageobjects.IRIS.FAD.VoucherMatchPage.clickSeeMoreDetails(VoucherMatchPage.java:71)&#13;
steps.IRIS.FAD.VoucherMatchSteps.when_I_click_See_More_Details_button(VoucherMatchSteps.java:70)&#13;
org.icrc.fadapplic.IRIS.FAD.AccountsPayable.VoucherEntries.voucherMatchWithTax(VoucherEntries.java:2157)&#13;
</system-err></testcase><testcase classname="org.icrc.fadapplic.IRIS.FAD.AccountsPayable.VoucherEntries" name="Partial voucher match"><error message="Index: 0, Size: 0" type="java.lang.IndexOutOfBoundsException">Index: 0, Size: 0</error><system-err>Index: 0, Size: 0&#13;
pageobjects.IRIS.FAD.VoucherMatchPage.clickSeeMoreDetails(VoucherMatchPage.java:71)&#13;
steps.IRIS.FAD.VoucherMatchSteps.when_I_click_See_More_Details_button(VoucherMatchSteps.java:70)&#13;
org.icrc.fadapplic.IRIS.FAD.AccountsPayable.VoucherEntries.partialVoucherMatch(VoucherEntries.java:2491)&#13;
</system-err></testcase><testcase classname="org.icrc.fadapplic.IRIS.FAD.AccountsPayable.VoucherEntries" name="Voucher match with retention"><error message="Index: 0, Size: 0" type="java.lang.IndexOutOfBoundsException">Index: 0, Size: 0</error><system-err>Index: 0, Size: 0&#13;
pageobjects.IRIS.FAD.VoucherMatchPage.clickSeeMoreDetails(VoucherMatchPage.java:71)&#13;
steps.IRIS.FAD.VoucherMatchSteps.when_I_click_See_More_Details_button(VoucherMatchSteps.java:70)&#13;
org.icrc.fadapplic.IRIS.FAD.AccountsPayable.VoucherEntries.voucherMatchWithRetention(VoucherEntries.java:2319)&#13;
</system-err></testcase><testcase classname="org.icrc.fadapplic.IRIS.FAD.AccountsPayable.VoucherEntries" name="Voucher entry import CSV file"><error message="Expected condition failed: waiting for visibility of all elements located by By.xpath:  .//div[contains(@class, 'form-item')][span[text()='Currency']]//div[contains(@class, 'Select-option')] | .//div[contains(@class, 'form-item')][span[contains(text(), 'Currency')]]//div[contains(@class, 'Select-option')] (tried for 120 second(s) with 100 milliseconds interval)&#10;Build info: version: '3.141.59', revision: 'e82be7d358', time: '2018-11-14T08:17:03'&#10;System info: host: 'PCS15848', ip: '192.168.1.12', os.name: 'Windows 10', os.arch: 'amd64', os.version: '10.0', java.version: '1.8.0_392'&#10;Driver info: net.thucydides.core.webdriver.WebDriverFacade" type="org.openqa.selenium.TimeoutException">Expected condition failed: waiting for visibility of all elements located by By.xpath:  .//div[contains(@class, 'form-item')][span[text()='Currency']]//div[contains(@class, 'Select-option')] | .//div[contains(@class, 'form-item')][span[contains(text(), 'Currency')]]//div[contains(@class, 'Select-option')] (tried for 120 second(s) with 100 milliseconds interval)
Build info: version: '3.141.59', revision: 'e82be7d358', time: '2018-11-14T08:17:03'
System info: host: 'PCS15848', ip: '192.168.1.12', os.name: 'Windows 10', os.arch: 'amd64', os.version: '10.0', java.version: '1.8.0_392'
Driver info: net.thucydides.core.webdriver.WebDriverFacade</error><system-err>Expected condition failed: waiting for visibility of all elements located by By.xpath:  .//div[contains(@class, 'form-item')][span[text()='Currency']]//div[contains(@class, 'Select-option')] | .//div[contains(@class, 'form-item')][span[contains(text(), 'Currency')]]//div[contains(@class, 'Select-option')] (tried for 120 second(s) with 100 milliseconds interval)
Build info: version: '3.141.59', revision: 'e82be7d358', time: '2018-11-14T08:17:03'
System info: host: 'PCS15848', ip: '192.168.1.12', os.name: 'Windows 10', os.arch: 'amd64', os.version: '10.0', java.version: '1.8.0_392'
Driver info: net.thucydides.core.webdriver.WebDriverFacade&#13;
utils.ExplicitWait.explicitlyWaitForVisibilityOfAllElements(ExplicitWait.java:94)&#13;
pageobjects.IRIS.FAD.FADGenericPage.selectDropdownOption(FADGenericPage.java:80)&#13;
pageobjects.IRIS.FAD.FADGenericPage.selectDropdownOption(FADGenericPage.java:116)&#13;
pageobjects.IRIS.FAD.FADGenericPage.typeAndSelectLabeledDropdownOption(FADGenericPage.java:200)&#13;
pageobjects.IRIS.FAD.FADGenericPage.setCurrency(FADGenericPage.java:279)&#13;
steps.IRIS.FAD.VoucherEntrySteps.when_I_select_the_Currency(VoucherEntrySteps.java:49)&#13;
org.icrc.fadapplic.IRIS.FAD.AccountsPayable.VoucherEntries.voucherEntryImportCSVFile(VoucherEntries.java:939)&#13;
</system-err></testcase><testcase classname="org.icrc.fadapplic.IRIS.FAD.AccountsPayable.VoucherEntries" name="Voucher match with negative for adding a line"><error message="Index: 0, Size: 0" type="java.lang.IndexOutOfBoundsException">Index: 0, Size: 0</error><system-err>Index: 0, Size: 0&#13;
pageobjects.IRIS.FAD.VoucherMatchPage.clickSeeMoreDetails(VoucherMatchPage.java:71)&#13;
steps.IRIS.FAD.VoucherMatchSteps.when_I_click_See_More_Details_button(VoucherMatchSteps.java:70)&#13;
org.icrc.fadapplic.IRIS.FAD.AccountsPayable.VoucherEntries.voucherMatchWithNegativeForAddingALine(VoucherEntries.java:1957)&#13;
</system-err></testcase><testcase classname="org.icrc.fadapplic.IRIS.FAD.AccountsPayable.VoucherEntries" name="Partial voucher match with tax rate"><error message="Index: 0, Size: 0" type="java.lang.IndexOutOfBoundsException">Index: 0, Size: 0</error><system-err>Index: 0, Size: 0&#13;
pageobjects.IRIS.FAD.VoucherMatchPage.clickSeeMoreDetails(VoucherMatchPage.java:71)&#13;
steps.IRIS.FAD.VoucherMatchSteps.when_I_click_See_More_Details_button(VoucherMatchSteps.java:70)&#13;
org.icrc.fadapplic.IRIS.FAD.AccountsPayable.VoucherEntries.partialVoucherMatchWithTaxRate(VoucherEntries.java:2815)&#13;
</system-err></testcase><testcase classname="org.icrc.fadapplic.IRIS.FAD.AccountsPayable.VoucherEntries" name="Voucher entry multi docs"/><testcase classname="org.icrc.fadapplic.IRIS.FAD.AccountsPayable.VoucherEntries" name="Partial voucher match with negative additional lines"><error message="Index: 0, Size: 0" type="java.lang.IndexOutOfBoundsException">Index: 0, Size: 0</error><system-err>Index: 0, Size: 0&#13;
pageobjects.IRIS.FAD.VoucherMatchPage.clickSeeMoreDetails(VoucherMatchPage.java:71)&#13;
steps.IRIS.FAD.VoucherMatchSteps.when_I_click_See_More_Details_button(VoucherMatchSteps.java:70)&#13;
org.icrc.fadapplic.IRIS.FAD.AccountsPayable.VoucherEntries.partialVoucherMatchWithNegativeAdditionalLines(VoucherEntries.java:2599)&#13;
</system-err></testcase><testcase classname="org.icrc.fadapplic.IRIS.FAD.AccountsPayable.VoucherEntries" name="Simple prepayment"><error message="no such element: Unable to locate element: {&quot;method&quot;:&quot;xpath&quot;,&quot;selector&quot;:&quot;//div[@class = 'sidebar-menu-container']//*[contains(@class, 'sidebar-menu--item') and .//div[text() = 'Accounts Payable']]&quot;}&#10;  (Session info: chrome=131.0.6778.71)&#10;For documentation on this error, please visit: https://www.seleniumhq.org/exceptions/no_such_element.html&#10;Build info: version: '3.141.59', revision: 'e82be7d358', time: '2018-11-14T08:17:03'&#10;System info: host: 'PCS15848', ip: '192.168.1.12', os.name: 'Windows 10', os.arch: 'amd64', os.version: '10.0', java.version: '1.8.0_392'&#10;Driver info: org.openqa.selenium.chrome.ChromeDriver&#10;Capabilities {acceptInsecureCerts: false, browserName: chrome, browserVersion: 131.0.6778.71, chrome: {chromedriverVersion: 130.0.6723.69 (3ec172b971b9..., userDataDir: C:\Users\A734509\AppData\Lo...}, fedcm:accounts: true, goog:chromeOptions: {debuggerAddress: localhost:57863}, javascriptEnabled: true, networkConnectionEnabled: false, pageLoadStrategy: normal, platform: WINDOWS, platformName: WINDOWS, proxy: Proxy(), setWindowRect: true, strictFileInteractability: false, timeouts: {implicit: 0, pageLoad: 300000, script: 30000}, unhandledPromptBehavior: dismiss and notify, webauthn:extension:credBlob: true, webauthn:extension:largeBlob: true, webauthn:extension:minPinLength: true, webauthn:extension:prf: true, webauthn:virtualAuthenticators: true}&#10;Session ID: b39e1cd4454d73fe3b199f72afa5a5f0&#10;*** Element info: {Using=xpath, value=//div[@class = 'sidebar-menu-container']//*[contains(@class, 'sidebar-menu--item') and .//div[text() = 'Accounts Payable']]}" type="org.openqa.selenium.NoSuchElementException">no such element: Unable to locate element: {"method":"xpath","selector":"//div[@class = 'sidebar-menu-container']//*[contains(@class, 'sidebar-menu--item') and .//div[text() = 'Accounts Payable']]"}
  (Session info: chrome=131.0.6778.71)
For documentation on this error, please visit: https://www.seleniumhq.org/exceptions/no_such_element.html
Build info: version: '3.141.59', revision: 'e82be7d358', time: '2018-11-14T08:17:03'
System info: host: 'PCS15848', ip: '192.168.1.12', os.name: 'Windows 10', os.arch: 'amd64', os.version: '10.0', java.version: '1.8.0_392'
Driver info: org.openqa.selenium.chrome.ChromeDriver
Capabilities {acceptInsecureCerts: false, browserName: chrome, browserVersion: 131.0.6778.71, chrome: {chromedriverVersion: 130.0.6723.69 (3ec172b971b9..., userDataDir: C:\Users\A734509\AppData\Lo...}, fedcm:accounts: true, goog:chromeOptions: {debuggerAddress: localhost:57863}, javascriptEnabled: true, networkConnectionEnabled: false, pageLoadStrategy: normal, platform: WINDOWS, platformName: WINDOWS, proxy: Proxy(), setWindowRect: true, strictFileInteractability: false, timeouts: {implicit: 0, pageLoad: 300000, script: 30000}, unhandledPromptBehavior: dismiss and notify, webauthn:extension:credBlob: true, webauthn:extension:largeBlob: true, webauthn:extension:minPinLength: true, webauthn:extension:prf: true, webauthn:virtualAuthenticators: true}
Session ID: b39e1cd4454d73fe3b199f72afa5a5f0
*** Element info: {Using=xpath, value=//div[@class = 'sidebar-menu-container']//*[contains(@class, 'sidebar-menu--item') and .//div[text() = 'Accounts Payable']]}</error><system-err>no such element: Unable to locate element: {"method":"xpath","selector":"//div[@class = 'sidebar-menu-container']//*[contains(@class, 'sidebar-menu--item') and .//div[text() = 'Accounts Payable']]"}
  (Session info: chrome=131.0.6778.71)
For documentation on this error, please visit: https://www.seleniumhq.org/exceptions/no_such_element.html
Build info: version: '3.141.59', revision: 'e82be7d358', time: '2018-11-14T08:17:03'
System info: host: 'PCS15848', ip: '192.168.1.12', os.name: 'Windows 10', os.arch: 'amd64', os.version: '10.0', java.version: '1.8.0_392'
Driver info: org.openqa.selenium.chrome.ChromeDriver
Capabilities {acceptInsecureCerts: false, browserName: chrome, browserVersion: 131.0.6778.71, chrome: {chromedriverVersion: 130.0.6723.69 (3ec172b971b9..., userDataDir: C:\Users\A734509\AppData\Lo...}, fedcm:accounts: true, goog:chromeOptions: {debuggerAddress: localhost:57863}, javascriptEnabled: true, networkConnectionEnabled: false, pageLoadStrategy: normal, platform: WINDOWS, platformName: WINDOWS, proxy: Proxy(), setWindowRect: true, strictFileInteractability: false, timeouts: {implicit: 0, pageLoad: 300000, script: 30000}, unhandledPromptBehavior: dismiss and notify, webauthn:extension:credBlob: true, webauthn:extension:largeBlob: true, webauthn:extension:minPinLength: true, webauthn:extension:prf: true, webauthn:virtualAuthenticators: true}
Session ID: b39e1cd4454d73fe3b199f72afa5a5f0
*** Element info: {Using=xpath, value=//div[@class = 'sidebar-menu-container']//*[contains(@class, 'sidebar-menu--item') and .//div[text() = 'Accounts Payable']]}&#13;
pageobjects.IRIS.FAD.GenericPage.scrollIntoView(GenericPage.java:315)&#13;
pageobjects.IRIS.FAD.GenericPage.clickElement(GenericPage.java:197)&#13;
pageobjects.IRIS.FAD.FADSidebarPage.clickSidebarMenu(FADSidebarPage.java:10)&#13;
pageobjects.IRIS.FAD.FADSidebarPage.openSidebarMenu(FADSidebarPage.java:14)&#13;
steps.IRIS.FAD.FADGenericSteps.when_I_open_page_from_sidebar_menu(FADGenericSteps.java:25)&#13;
steps.IRIS.FAD.PrepaymentSteps.given_that_Im_logged_into_Prepayments_page(PrepaymentSteps.java:32)&#13;
org.icrc.fadapplic.IRIS.FAD.AccountsPayable.VoucherEntries.simplePrepayment(VoucherEntries.java:1781)&#13;
</system-err></testcase><testcase classname="org.icrc.fadapplic.IRIS.FAD.AccountsPayable.VoucherEntries" name="Voucher entry proceed to payment"><error message="no such element: Unable to locate element: {&quot;method&quot;:&quot;xpath&quot;,&quot;selector&quot;:&quot;.//input[not(@type='hidden')]&quot;}&#10;  (Session info: chrome=131.0.6778.71)&#10;For documentation on this error, please visit: https://www.seleniumhq.org/exceptions/no_such_element.html&#10;Build info: version: '3.141.59', revision: 'e82be7d358', time: '2018-11-14T08:17:03'&#10;System info: host: 'PCS15848', ip: '192.168.1.12', os.name: 'Windows 10', os.arch: 'amd64', os.version: '10.0', java.version: '1.8.0_392'&#10;Driver info: org.openqa.selenium.chrome.ChromeDriver&#10;Capabilities {acceptInsecureCerts: false, browserName: chrome, browserVersion: 131.0.6778.71, chrome: {chromedriverVersion: 130.0.6723.69 (3ec172b971b9..., userDataDir: C:\Users\A734509\AppData\Lo...}, fedcm:accounts: true, goog:chromeOptions: {debuggerAddress: localhost:57906}, javascriptEnabled: true, networkConnectionEnabled: false, pageLoadStrategy: normal, platform: WINDOWS, platformName: WINDOWS, proxy: Proxy(), setWindowRect: true, strictFileInteractability: false, timeouts: {implicit: 0, pageLoad: 300000, script: 30000}, unhandledPromptBehavior: dismiss and notify, webauthn:extension:credBlob: true, webauthn:extension:largeBlob: true, webauthn:extension:minPinLength: true, webauthn:extension:prf: true, webauthn:virtualAuthenticators: true}&#10;Session ID: a1b2e29c3a9f949292da565dbadb6c3c&#10;*** Element info: {Using=xpath, value=.//input[not(@type='hidden')]}" type="org.openqa.selenium.NoSuchElementException">no such element: Unable to locate element: {"method":"xpath","selector":".//input[not(@type='hidden')]"}
  (Session info: chrome=131.0.6778.71)
For documentation on this error, please visit: https://www.seleniumhq.org/exceptions/no_such_element.html
Build info: version: '3.141.59', revision: 'e82be7d358', time: '2018-11-14T08:17:03'
System info: host: 'PCS15848', ip: '192.168.1.12', os.name: 'Windows 10', os.arch: 'amd64', os.version: '10.0', java.version: '1.8.0_392'
Driver info: org.openqa.selenium.chrome.ChromeDriver
Capabilities {acceptInsecureCerts: false, browserName: chrome, browserVersion: 131.0.6778.71, chrome: {chromedriverVersion: 130.0.6723.69 (3ec172b971b9..., userDataDir: C:\Users\A734509\AppData\Lo...}, fedcm:accounts: true, goog:chromeOptions: {debuggerAddress: localhost:57906}, javascriptEnabled: true, networkConnectionEnabled: false, pageLoadStrategy: normal, platform: WINDOWS, platformName: WINDOWS, proxy: Proxy(), setWindowRect: true, strictFileInteractability: false, timeouts: {implicit: 0, pageLoad: 300000, script: 30000}, unhandledPromptBehavior: dismiss and notify, webauthn:extension:credBlob: true, webauthn:extension:largeBlob: true, webauthn:extension:minPinLength: true, webauthn:extension:prf: true, webauthn:virtualAuthenticators: true}
Session ID: a1b2e29c3a9f949292da565dbadb6c3c
*** Element info: {Using=xpath, value=.//input[not(@type='hidden')]}</error><system-err>no such element: Unable to locate element: {"method":"xpath","selector":".//input[not(@type='hidden')]"}
  (Session info: chrome=131.0.6778.71)
For documentation on this error, please visit: https://www.seleniumhq.org/exceptions/no_such_element.html
Build info: version: '3.141.59', revision: 'e82be7d358', time: '2018-11-14T08:17:03'
System info: host: 'PCS15848', ip: '192.168.1.12', os.name: 'Windows 10', os.arch: 'amd64', os.version: '10.0', java.version: '1.8.0_392'
Driver info: org.openqa.selenium.chrome.ChromeDriver
Capabilities {acceptInsecureCerts: false, browserName: chrome, browserVersion: 131.0.6778.71, chrome: {chromedriverVersion: 130.0.6723.69 (3ec172b971b9..., userDataDir: C:\Users\A734509\AppData\Lo...}, fedcm:accounts: true, goog:chromeOptions: {debuggerAddress: localhost:57906}, javascriptEnabled: true, networkConnectionEnabled: false, pageLoadStrategy: normal, platform: WINDOWS, platformName: WINDOWS, proxy: Proxy(), setWindowRect: true, strictFileInteractability: false, timeouts: {implicit: 0, pageLoad: 300000, script: 30000}, unhandledPromptBehavior: dismiss and notify, webauthn:extension:credBlob: true, webauthn:extension:largeBlob: true, webauthn:extension:minPinLength: true, webauthn:extension:prf: true, webauthn:virtualAuthenticators: true}
Session ID: a1b2e29c3a9f949292da565dbadb6c3c
*** Element info: {Using=xpath, value=.//input[not(@type='hidden')]}&#13;
pageobjects.IRIS.FAD.FADGenericPage.typeIntoTextField(FADGenericPage.java:149)&#13;
pageobjects.IRIS.FAD.FADGenericPage.typeIntoTextField(FADGenericPage.java:145)&#13;
pageobjects.IRIS.FAD.FADGenericPage.typeAndSelectLabeledDropdownOption(FADGenericPage.java:199)&#13;
pageobjects.IRIS.FAD.FADGenericPage.setCurrency(FADGenericPage.java:279)&#13;
steps.IRIS.FAD.VoucherEntrySteps.when_I_select_the_Currency(VoucherEntrySteps.java:49)&#13;
org.icrc.fadapplic.IRIS.FAD.AccountsPayable.VoucherEntries.voucherEntryProceedToPayment(VoucherEntries.java:751)&#13;
</system-err></testcase><testcase classname="org.icrc.fadapplic.IRIS.FAD.AccountsPayable.VoucherEntries" name="Multiple lines with same PO and different item code"><error message="no such element: Unable to locate element: {&quot;method&quot;:&quot;xpath&quot;,&quot;selector&quot;:&quot;//div[@class = 'sidebar-menu-container']//*[contains(@class, 'sidebar-menu--item') and .//div[text() = 'Accounts Payable']]&quot;}&#10;  (Session info: chrome=131.0.6778.71)&#10;For documentation on this error, please visit: https://www.seleniumhq.org/exceptions/no_such_element.html&#10;Build info: version: '3.141.59', revision: 'e82be7d358', time: '2018-11-14T08:17:03'&#10;System info: host: 'PCS15848', ip: '192.168.1.12', os.name: 'Windows 10', os.arch: 'amd64', os.version: '10.0', java.version: '1.8.0_392'&#10;Driver info: org.openqa.selenium.chrome.ChromeDriver&#10;Capabilities {acceptInsecureCerts: false, browserName: chrome, browserVersion: 131.0.6778.71, chrome: {chromedriverVersion: 130.0.6723.69 (3ec172b971b9..., userDataDir: C:\Users\A734509\AppData\Lo...}, fedcm:accounts: true, goog:chromeOptions: {debuggerAddress: localhost:57951}, javascriptEnabled: true, networkConnectionEnabled: false, pageLoadStrategy: normal, platform: WINDOWS, platformName: WINDOWS, proxy: Proxy(), setWindowRect: true, strictFileInteractability: false, timeouts: {implicit: 0, pageLoad: 300000, script: 30000}, unhandledPromptBehavior: dismiss and notify, webauthn:extension:credBlob: true, webauthn:extension:largeBlob: true, webauthn:extension:minPinLength: true, webauthn:extension:prf: true, webauthn:virtualAuthenticators: true}&#10;Session ID: 034541588186de9666ff83c2b787619f&#10;*** Element info: {Using=xpath, value=//div[@class = 'sidebar-menu-container']//*[contains(@class, 'sidebar-menu--item') and .//div[text() = 'Accounts Payable']]}" type="org.openqa.selenium.NoSuchElementException">no such element: Unable to locate element: {"method":"xpath","selector":"//div[@class = 'sidebar-menu-container']//*[contains(@class, 'sidebar-menu--item') and .//div[text() = 'Accounts Payable']]"}
  (Session info: chrome=131.0.6778.71)
For documentation on this error, please visit: https://www.seleniumhq.org/exceptions/no_such_element.html
Build info: version: '3.141.59', revision: 'e82be7d358', time: '2018-11-14T08:17:03'
System info: host: 'PCS15848', ip: '192.168.1.12', os.name: 'Windows 10', os.arch: 'amd64', os.version: '10.0', java.version: '1.8.0_392'
Driver info: org.openqa.selenium.chrome.ChromeDriver
Capabilities {acceptInsecureCerts: false, browserName: chrome, browserVersion: 131.0.6778.71, chrome: {chromedriverVersion: 130.0.6723.69 (3ec172b971b9..., userDataDir: C:\Users\A734509\AppData\Lo...}, fedcm:accounts: true, goog:chromeOptions: {debuggerAddress: localhost:57951}, javascriptEnabled: true, networkConnectionEnabled: false, pageLoadStrategy: normal, platform: WINDOWS, platformName: WINDOWS, proxy: Proxy(), setWindowRect: true, strictFileInteractability: false, timeouts: {implicit: 0, pageLoad: 300000, script: 30000}, unhandledPromptBehavior: dismiss and notify, webauthn:extension:credBlob: true, webauthn:extension:largeBlob: true, webauthn:extension:minPinLength: true, webauthn:extension:prf: true, webauthn:virtualAuthenticators: true}
Session ID: 034541588186de9666ff83c2b787619f
*** Element info: {Using=xpath, value=//div[@class = 'sidebar-menu-container']//*[contains(@class, 'sidebar-menu--item') and .//div[text() = 'Accounts Payable']]}</error><system-err>no such element: Unable to locate element: {"method":"xpath","selector":"//div[@class = 'sidebar-menu-container']//*[contains(@class, 'sidebar-menu--item') and .//div[text() = 'Accounts Payable']]"}
  (Session info: chrome=131.0.6778.71)
For documentation on this error, please visit: https://www.seleniumhq.org/exceptions/no_such_element.html
Build info: version: '3.141.59', revision: 'e82be7d358', time: '2018-11-14T08:17:03'
System info: host: 'PCS15848', ip: '192.168.1.12', os.name: 'Windows 10', os.arch: 'amd64', os.version: '10.0', java.version: '1.8.0_392'
Driver info: org.openqa.selenium.chrome.ChromeDriver
Capabilities {acceptInsecureCerts: false, browserName: chrome, browserVersion: 131.0.6778.71, chrome: {chromedriverVersion: 130.0.6723.69 (3ec172b971b9..., userDataDir: C:\Users\A734509\AppData\Lo...}, fedcm:accounts: true, goog:chromeOptions: {debuggerAddress: localhost:57951}, javascriptEnabled: true, networkConnectionEnabled: false, pageLoadStrategy: normal, platform: WINDOWS, platformName: WINDOWS, proxy: Proxy(), setWindowRect: true, strictFileInteractability: false, timeouts: {implicit: 0, pageLoad: 300000, script: 30000}, unhandledPromptBehavior: dismiss and notify, webauthn:extension:credBlob: true, webauthn:extension:largeBlob: true, webauthn:extension:minPinLength: true, webauthn:extension:prf: true, webauthn:virtualAuthenticators: true}
Session ID: 034541588186de9666ff83c2b787619f
*** Element info: {Using=xpath, value=//div[@class = 'sidebar-menu-container']//*[contains(@class, 'sidebar-menu--item') and .//div[text() = 'Accounts Payable']]}&#13;
pageobjects.IRIS.FAD.GenericPage.scrollIntoView(GenericPage.java:315)&#13;
pageobjects.IRIS.FAD.GenericPage.clickElement(GenericPage.java:197)&#13;
pageobjects.IRIS.FAD.FADSidebarPage.clickSidebarMenu(FADSidebarPage.java:10)&#13;
pageobjects.IRIS.FAD.FADSidebarPage.openSidebarMenu(FADSidebarPage.java:14)&#13;
steps.IRIS.FAD.FADGenericSteps.when_I_open_page_from_sidebar_menu(FADGenericSteps.java:25)&#13;
steps.IRIS.FAD.VoucherMatchSteps.given_that_Im_logged_in_to_Voucher_Match_page(VoucherMatchSteps.java:22)&#13;
org.icrc.fadapplic.IRIS.FAD.AccountsPayable.VoucherEntries.multipleLinesWithSamePOAndDifferentItemCode(VoucherEntries.java:3050)&#13;
</system-err></testcase><testcase classname="org.icrc.fadapplic.IRIS.FAD.AccountsPayable.VoucherEntries" name="Partial voucher match with retention"><error message="no such element: Unable to locate element: {&quot;method&quot;:&quot;xpath&quot;,&quot;selector&quot;:&quot;//div[@class = 'sidebar-menu-container']//*[contains(@class, 'sidebar-menu--item') and .//div[text() = 'Accounts Payable']]&quot;}&#10;  (Session info: chrome=131.0.6778.71)&#10;For documentation on this error, please visit: https://www.seleniumhq.org/exceptions/no_such_element.html&#10;Build info: version: '3.141.59', revision: 'e82be7d358', time: '2018-11-14T08:17:03'&#10;System info: host: 'PCS15848', ip: '192.168.1.12', os.name: 'Windows 10', os.arch: 'amd64', os.version: '10.0', java.version: '1.8.0_392'&#10;Driver info: org.openqa.selenium.chrome.ChromeDriver&#10;Capabilities {acceptInsecureCerts: false, browserName: chrome, browserVersion: 131.0.6778.71, chrome: {chromedriverVersion: 130.0.6723.69 (3ec172b971b9..., userDataDir: C:\Users\A734509\AppData\Lo...}, fedcm:accounts: true, goog:chromeOptions: {debuggerAddress: localhost:57997}, javascriptEnabled: true, networkConnectionEnabled: false, pageLoadStrategy: normal, platform: WINDOWS, platformName: WINDOWS, proxy: Proxy(), setWindowRect: true, strictFileInteractability: false, timeouts: {implicit: 0, pageLoad: 300000, script: 30000}, unhandledPromptBehavior: dismiss and notify, webauthn:extension:credBlob: true, webauthn:extension:largeBlob: true, webauthn:extension:minPinLength: true, webauthn:extension:prf: true, webauthn:virtualAuthenticators: true}&#10;Session ID: 8edc9feb98b13e6c037afc583897a659&#10;*** Element info: {Using=xpath, value=//div[@class = 'sidebar-menu-container']//*[contains(@class, 'sidebar-menu--item') and .//div[text() = 'Accounts Payable']]}" type="org.openqa.selenium.NoSuchElementException">no such element: Unable to locate element: {"method":"xpath","selector":"//div[@class = 'sidebar-menu-container']//*[contains(@class, 'sidebar-menu--item') and .//div[text() = 'Accounts Payable']]"}
  (Session info: chrome=131.0.6778.71)
For documentation on this error, please visit: https://www.seleniumhq.org/exceptions/no_such_element.html
Build info: version: '3.141.59', revision: 'e82be7d358', time: '2018-11-14T08:17:03'
System info: host: 'PCS15848', ip: '192.168.1.12', os.name: 'Windows 10', os.arch: 'amd64', os.version: '10.0', java.version: '1.8.0_392'
Driver info: org.openqa.selenium.chrome.ChromeDriver
Capabilities {acceptInsecureCerts: false, browserName: chrome, browserVersion: 131.0.6778.71, chrome: {chromedriverVersion: 130.0.6723.69 (3ec172b971b9..., userDataDir: C:\Users\A734509\AppData\Lo...}, fedcm:accounts: true, goog:chromeOptions: {debuggerAddress: localhost:57997}, javascriptEnabled: true, networkConnectionEnabled: false, pageLoadStrategy: normal, platform: WINDOWS, platformName: WINDOWS, proxy: Proxy(), setWindowRect: true, strictFileInteractability: false, timeouts: {implicit: 0, pageLoad: 300000, script: 30000}, unhandledPromptBehavior: dismiss and notify, webauthn:extension:credBlob: true, webauthn:extension:largeBlob: true, webauthn:extension:minPinLength: true, webauthn:extension:prf: true, webauthn:virtualAuthenticators: true}
Session ID: 8edc9feb98b13e6c037afc583897a659
*** Element info: {Using=xpath, value=//div[@class = 'sidebar-menu-container']//*[contains(@class, 'sidebar-menu--item') and .//div[text() = 'Accounts Payable']]}</error><system-err>no such element: Unable to locate element: {"method":"xpath","selector":"//div[@class = 'sidebar-menu-container']//*[contains(@class, 'sidebar-menu--item') and .//div[text() = 'Accounts Payable']]"}
  (Session info: chrome=131.0.6778.71)
For documentation on this error, please visit: https://www.seleniumhq.org/exceptions/no_such_element.html
Build info: version: '3.141.59', revision: 'e82be7d358', time: '2018-11-14T08:17:03'
System info: host: 'PCS15848', ip: '192.168.1.12', os.name: 'Windows 10', os.arch: 'amd64', os.version: '10.0', java.version: '1.8.0_392'
Driver info: org.openqa.selenium.chrome.ChromeDriver
Capabilities {acceptInsecureCerts: false, browserName: chrome, browserVersion: 131.0.6778.71, chrome: {chromedriverVersion: 130.0.6723.69 (3ec172b971b9..., userDataDir: C:\Users\A734509\AppData\Lo...}, fedcm:accounts: true, goog:chromeOptions: {debuggerAddress: localhost:57997}, javascriptEnabled: true, networkConnectionEnabled: false, pageLoadStrategy: normal, platform: WINDOWS, platformName: WINDOWS, proxy: Proxy(), setWindowRect: true, strictFileInteractability: false, timeouts: {implicit: 0, pageLoad: 300000, script: 30000}, unhandledPromptBehavior: dismiss and notify, webauthn:extension:credBlob: true, webauthn:extension:largeBlob: true, webauthn:extension:minPinLength: true, webauthn:extension:prf: true, webauthn:virtualAuthenticators: true}
Session ID: 8edc9feb98b13e6c037afc583897a659
*** Element info: {Using=xpath, value=//div[@class = 'sidebar-menu-container']//*[contains(@class, 'sidebar-menu--item') and .//div[text() = 'Accounts Payable']]}&#13;
pageobjects.IRIS.FAD.GenericPage.scrollIntoView(GenericPage.java:315)&#13;
pageobjects.IRIS.FAD.GenericPage.clickElement(GenericPage.java:197)&#13;
pageobjects.IRIS.FAD.FADSidebarPage.clickSidebarMenu(FADSidebarPage.java:10)&#13;
pageobjects.IRIS.FAD.FADSidebarPage.openSidebarMenu(FADSidebarPage.java:14)&#13;
steps.IRIS.FAD.FADGenericSteps.when_I_open_page_from_sidebar_menu(FADGenericSteps.java:25)&#13;
steps.IRIS.FAD.VoucherMatchSteps.given_that_Im_logged_in_to_Voucher_Match_page(VoucherMatchSteps.java:22)&#13;
org.icrc.fadapplic.IRIS.FAD.AccountsPayable.VoucherEntries.partialVoucherMatchWithRetention(VoucherEntries.java:88)&#13;
</system-err></testcase><testcase classname="org.icrc.fadapplic.IRIS.FAD.AccountsPayable.VoucherEntries" name="Multiple lines with different PO and different item code"><error message="Index: 0, Size: 0" type="java.lang.IndexOutOfBoundsException">Index: 0, Size: 0</error><system-err>Index: 0, Size: 0&#13;
pageobjects.IRIS.FAD.VoucherMatchPage.clickSeeMoreDetails(VoucherMatchPage.java:71)&#13;
steps.IRIS.FAD.VoucherMatchSteps.when_I_click_See_More_Details_button(VoucherMatchSteps.java:70)&#13;
org.icrc.fadapplic.IRIS.FAD.AccountsPayable.VoucherEntries.multipleLinesWithDifferentPOAndDifferentItemCode(VoucherEntries.java:2904)&#13;
</system-err></testcase><testcase classname="org.icrc.fadapplic.IRIS.FAD.AccountsPayable.VoucherEntries" name="Create voucher entry using sustainability accounts"/><testcase classname="org.icrc.fadapplic.IRIS.FAD.AccountsPayable.VoucherEntries" name="Multiple lines with same PO and same item code"><error message="Index: 0, Size: 0" type="java.lang.IndexOutOfBoundsException">Index: 0, Size: 0</error><system-err>Index: 0, Size: 0&#13;
pageobjects.IRIS.FAD.VoucherMatchPage.clickSeeMoreDetails(VoucherMatchPage.java:71)&#13;
steps.IRIS.FAD.VoucherMatchSteps.when_I_click_See_More_Details_button(VoucherMatchSteps.java:70)&#13;
org.icrc.fadapplic.IRIS.FAD.AccountsPayable.VoucherEntries.multipleLinesWithSamePOAndSameItemCode(VoucherEntries.java:3141)&#13;
</system-err></testcase><testcase classname="org.icrc.fadapplic.IRIS.FAD.AccountsPayable.VoucherEntries" name="Voucher match with retention and tax"><error message="Index: 0, Size: 0" type="java.lang.IndexOutOfBoundsException">Index: 0, Size: 0</error><system-err>Index: 0, Size: 0&#13;
pageobjects.IRIS.FAD.VoucherMatchPage.clickSeeMoreDetails(VoucherMatchPage.java:71)&#13;
steps.IRIS.FAD.VoucherMatchSteps.when_I_click_See_More_Details_button(VoucherMatchSteps.java:70)&#13;
org.icrc.fadapplic.IRIS.FAD.AccountsPayable.VoucherEntries.voucherMatchWithRetentionAndTax(VoucherEntries.java:2404)&#13;
</system-err></testcase><testcase classname="org.icrc.fadapplic.IRIS.FAD.AccountsPayable.VoucherEntries" name="Multiple lines with different PO and same item code"><error message="Index: 0, Size: 0" type="java.lang.IndexOutOfBoundsException">Index: 0, Size: 0</error><system-err>Index: 0, Size: 0&#13;
pageobjects.IRIS.FAD.VoucherMatchPage.clickSeeMoreDetails(VoucherMatchPage.java:71)&#13;
steps.IRIS.FAD.VoucherMatchSteps.when_I_click_See_More_Details_button(VoucherMatchSteps.java:70)&#13;
org.icrc.fadapplic.IRIS.FAD.AccountsPayable.VoucherEntries.multipleLinesWithDifferentPOAndSameItemCode(VoucherEntries.java:2983)&#13;
</system-err></testcase><testcase classname="org.icrc.fadapplic.IRIS.FAD.AccountsPayable.VoucherEntries" name="Simple voucher match"><error message="Index: 0, Size: 0" type="java.lang.IndexOutOfBoundsException">Index: 0, Size: 0</error><system-err>Index: 0, Size: 0&#13;
pageobjects.IRIS.FAD.VoucherMatchPage.clickSeeMoreDetails(VoucherMatchPage.java:71)&#13;
steps.IRIS.FAD.VoucherMatchSteps.when_I_click_See_More_Details_button(VoucherMatchSteps.java:70)&#13;
org.icrc.fadapplic.IRIS.FAD.AccountsPayable.VoucherEntries.simpleVoucherMatch(VoucherEntries.java:1862)&#13;
</system-err></testcase><testcase classname="org.icrc.fadapplic.IRIS.FAD.AccountsPayable.VoucherEntries" name="Release retention partial"><error message="empty String" type="java.lang.NumberFormatException">empty String</error><system-err>empty String&#13;
pageobjects.IRIS.FAD.FADGenericPage.isInputValueSet(FADGenericPage.java:248)&#13;
pageobjects.IRIS.FAD.FADGenericPage.multipleTypeIntoInputPerCharacter(FADGenericPage.java:231)&#13;
pageobjects.IRIS.FAD.FADGenericPage.multipleTypeIntoInputPerCharacter(FADGenericPage.java:222)&#13;
pageobjects.IRIS.FAD.FADGenericPage.tryToTypeIntoLabeledTextFieldByMultipleTries(FADGenericPage.java:217)&#13;
pageobjects.IRIS.FAD.ReleaseRetentionPage.setPaymentAmountGrossAmount(ReleaseRetentionPage.java:55)&#13;
steps.IRIS.FAD.ReleaseRetentionSteps.when_I_set_the_gross_amount_equal_to_the_retained_to_release_amount_value(ReleaseRetentionSteps.java:77)&#13;
org.icrc.fadapplic.IRIS.FAD.AccountsPayable.VoucherEntries.releaseRetentionPartial(VoucherEntries.java:1675)&#13;
</system-err></testcase><testcase classname="org.icrc.fadapplic.IRIS.FAD.AccountsPayable.VoucherEntries" name="Partial matching with rounded tax amount"><error message="Index: 0, Size: 0" type="java.lang.IndexOutOfBoundsException">Index: 0, Size: 0</error><system-err>Index: 0, Size: 0&#13;
pageobjects.IRIS.FAD.VoucherMatchPage.clickSeeMoreDetails(VoucherMatchPage.java:71)&#13;
steps.IRIS.FAD.VoucherMatchSteps.when_I_click_See_More_Details_button(VoucherMatchSteps.java:70)&#13;
org.icrc.fadapplic.IRIS.FAD.AccountsPayable.VoucherEntries.partialMatchingWithRoundedTaxAmount(VoucherEntries.java:195)&#13;
</system-err></testcase><testcase classname="org.icrc.fadapplic.IRIS.FAD.AccountsPayable.VoucherEntries" name="Voucher entry with tax rate rounded"/><testcase classname="org.icrc.fadapplic.IRIS.FAD.AccountsPayable.VoucherEntries" name="Voucher matching"><error message="Index: 0, Size: 0" type="java.lang.IndexOutOfBoundsException">Index: 0, Size: 0</error><system-err>Index: 0, Size: 0&#13;
pageobjects.IRIS.FAD.VoucherMatchPage.clickSeeMoreDetails(VoucherMatchPage.java:71)&#13;
steps.IRIS.FAD.VoucherMatchSteps.when_I_click_See_More_Details_button(VoucherMatchSteps.java:70)&#13;
org.icrc.fadapplic.IRIS.FAD.AccountsPayable.VoucherEntries.voucherMatching(VoucherEntries.java:1498)&#13;
</system-err></testcase><testcase classname="org.icrc.fadapplic.IRIS.FAD.AccountsPayable.VoucherEntries" name="Voucher entry export CSV file"><failure message="Expected enabled element was not enabled" type="net.thucydides.core.webdriver.exceptions.ElementShouldBeEnabledException">Expected enabled element was not enabled</failure><system-err>Expected enabled element was not enabled&#13;
pageobjects.IRIS.FAD.GenericPage.clickElement(GenericPage.java:199)&#13;
pageobjects.IRIS.FAD.GenericPage.clickLabeledButton(GenericPage.java:289)&#13;
pageobjects.IRIS.FAD.FADGenericPage.clickOnContinueBtn(FADGenericPage.java:383)&#13;
steps.IRIS.FAD.VoucherEntrySteps.when_I_click_on_Continue_button(VoucherEntrySteps.java:59)&#13;
org.icrc.fadapplic.IRIS.FAD.AccountsPayable.VoucherEntries.voucherEntryExportCSVFile(VoucherEntries.java:869)&#13;
</system-err></testcase><testcase classname="org.icrc.fadapplic.IRIS.FAD.AccountsPayable.VoucherEntries" name="Creating voucher entry"/><testcase classname="org.icrc.fadapplic.IRIS.FAD.AccountsPayable.VoucherEntries" name="Release retention adding a line"><error message="Expected condition failed: waiting for visibility of element located by By.xpath: //div[contains(@class, 'modal') and contains(@style, 'left: 0px')]//h3 (tried for 20 second(s) with 100 milliseconds interval)" type="org.openqa.selenium.TimeoutException">Expected condition failed: waiting for visibility of element located by By.xpath: //div[contains(@class, 'modal') and contains(@style, 'left: 0px')]//h3 (tried for 20 second(s) with 100 milliseconds interval)</error><system-err>Expected condition failed: waiting for visibility of element located by By.xpath: //div[contains(@class, 'modal') and contains(@style, 'left: 0px')]//h3 (tried for 20 second(s) with 100 milliseconds interval)&#13;
utils.ExplicitWait.explicitlyWaitForVisibilityOfElement(ExplicitWait.java:30)&#13;
pageobjects.IRIS.FAD.FADModalPage.getModalTitle(FADModalPage.java:21)&#13;
steps.IRIS.FAD.ReleaseRetentionSteps.then_the_Release_Retention_successfully_created_modal_should_show_up(ReleaseRetentionSteps.java:122)&#13;
steps.IRIS.FAD.ReleaseRetentionSteps.then_the_Release_Retention_successfully_created_modal_and_its_contents_should_show_up(ReleaseRetentionSteps.java:101)&#13;
org.icrc.fadapplic.IRIS.FAD.AccountsPayable.VoucherEntries.releaseRetentionAddingALine(VoucherEntries.java:1608)&#13;
</system-err></testcase><testcase classname="org.icrc.fadapplic.IRIS.FAD.AccountsPayable.VoucherEntries" name="Voucher match with rounded off tax"><error message="Index: 0, Size: 0" type="java.lang.IndexOutOfBoundsException">Index: 0, Size: 0</error><system-err>Index: 0, Size: 0&#13;
pageobjects.IRIS.FAD.VoucherMatchPage.clickSeeMoreDetails(VoucherMatchPage.java:71)&#13;
steps.IRIS.FAD.VoucherMatchSteps.when_I_click_See_More_Details_button(VoucherMatchSteps.java:70)&#13;
org.icrc.fadapplic.IRIS.FAD.AccountsPayable.VoucherEntries.voucherMatchWithRoundedOffTax(VoucherEntries.java:2238)&#13;
</system-err></testcase><testcase classname="org.icrc.fadapplic.IRIS.FAD.AccountsPayable.VoucherEntries" name="Voucher entry credit memo"/><testcase classname="org.icrc.fadapplic.IRIS.FAD.AccountsPayable.VoucherEntries" name="Partial voucher match with positive additional lines"><error message="Index: 0, Size: 0" type="java.lang.IndexOutOfBoundsException">Index: 0, Size: 0</error><system-err>Index: 0, Size: 0&#13;
pageobjects.IRIS.FAD.VoucherMatchPage.clickSeeMoreDetails(VoucherMatchPage.java:71)&#13;
steps.IRIS.FAD.VoucherMatchSteps.when_I_click_See_More_Details_button(VoucherMatchSteps.java:70)&#13;
org.icrc.fadapplic.IRIS.FAD.AccountsPayable.VoucherEntries.partialVoucherMatchWithPositiveAdditionalLines(VoucherEntries.java:2715)&#13;
</system-err></testcase></testsuite>