<?xml version="1.0" encoding="UTF-8"?><testsuite errors="1" failures="0" name="org.icrc.fadapplic.IRIS.FAD.GeneralLedger.SalaryAdvance" skipped="0" tests="1" time="76.15" timestamp="2023-05-27 11:29:46"><testcase classname="org.icrc.fadapplic.IRIS.FAD.GeneralLedger.SalaryAdvance" name="Create salary advance entry"><error message="no such element: Unable to locate element: {&quot;method&quot;:&quot;xpath&quot;,&quot;selector&quot;:&quot;//div[@class = 'sidebar-menu-container']//*[contains(@class, 'sidebar-menu--item') and .//div[text() = 'General Ledger']]&quot;}&#10;  (Session info: headless chrome=113.0.5672.127)&#10;For documentation on this error, please visit: https://www.seleniumhq.org/exceptions/no_such_element.html&#10;Build info: version: '3.141.59', revision: 'e82be7d358', time: '2018-11-14T08:17:03'&#10;System info: host: 'PCS13345', ip: '192.168.0.16', os.name: 'Windows 10', os.arch: 'amd64', os.version: '10.0', java.version: '1.8.0_291'&#10;Driver info: org.openqa.selenium.chrome.ChromeDriver&#10;Capabilities {acceptInsecureCerts: false, browserName: chrome, browserVersion: 113.0.5672.127, chrome: {chromedriverVersion: 113.0.5672.63 (0e1a4471d5ae..., userDataDir: C:\Users\A734509\AppData\Lo...}, goog:chromeOptions: {debuggerAddress: localhost:59695}, javascriptEnabled: true, networkConnectionEnabled: false, pageLoadStrategy: normal, platform: WINDOWS, platformName: WINDOWS, proxy: Proxy(), setWindowRect: true, strictFileInteractability: false, timeouts: {implicit: 0, pageLoad: 300000, script: 30000}, unhandledPromptBehavior: dismiss and notify, webauthn:extension:credBlob: true, webauthn:extension:largeBlob: true, webauthn:extension:minPinLength: true, webauthn:extension:prf: true, webauthn:virtualAuthenticators: true}&#10;Session ID: 24bb6b635ee34b81d6d80796255e5dc2&#10;*** Element info: {Using=xpath, value=//div[@class = 'sidebar-menu-container']//*[contains(@class, 'sidebar-menu--item') and .//div[text() = 'General Ledger']]}" type="org.openqa.selenium.NoSuchElementException">no such element: Unable to locate element: {"method":"xpath","selector":"//div[@class = 'sidebar-menu-container']//*[contains(@class, 'sidebar-menu--item') and .//div[text() = 'General Ledger']]"}
  (Session info: headless chrome=113.0.5672.127)
For documentation on this error, please visit: https://www.seleniumhq.org/exceptions/no_such_element.html
Build info: version: '3.141.59', revision: 'e82be7d358', time: '2018-11-14T08:17:03'
System info: host: 'PCS13345', ip: '192.168.0.16', os.name: 'Windows 10', os.arch: 'amd64', os.version: '10.0', java.version: '1.8.0_291'
Driver info: org.openqa.selenium.chrome.ChromeDriver
Capabilities {acceptInsecureCerts: false, browserName: chrome, browserVersion: 113.0.5672.127, chrome: {chromedriverVersion: 113.0.5672.63 (0e1a4471d5ae..., userDataDir: C:\Users\A734509\AppData\Lo...}, goog:chromeOptions: {debuggerAddress: localhost:59695}, javascriptEnabled: true, networkConnectionEnabled: false, pageLoadStrategy: normal, platform: WINDOWS, platformName: WINDOWS, proxy: Proxy(), setWindowRect: true, strictFileInteractability: false, timeouts: {implicit: 0, pageLoad: 300000, script: 30000}, unhandledPromptBehavior: dismiss and notify, webauthn:extension:credBlob: true, webauthn:extension:largeBlob: true, webauthn:extension:minPinLength: true, webauthn:extension:prf: true, webauthn:virtualAuthenticators: true}
Session ID: 24bb6b635ee34b81d6d80796255e5dc2
*** Element info: {Using=xpath, value=//div[@class = 'sidebar-menu-container']//*[contains(@class, 'sidebar-menu--item') and .//div[text() = 'General Ledger']]}</error><system-err>no such element: Unable to locate element: {"method":"xpath","selector":"//div[@class = 'sidebar-menu-container']//*[contains(@class, 'sidebar-menu--item') and .//div[text() = 'General Ledger']]"}
  (Session info: headless chrome=113.0.5672.127)
For documentation on this error, please visit: https://www.seleniumhq.org/exceptions/no_such_element.html
Build info: version: '3.141.59', revision: 'e82be7d358', time: '2018-11-14T08:17:03'
System info: host: 'PCS13345', ip: '192.168.0.16', os.name: 'Windows 10', os.arch: 'amd64', os.version: '10.0', java.version: '1.8.0_291'
Driver info: org.openqa.selenium.chrome.ChromeDriver
Capabilities {acceptInsecureCerts: false, browserName: chrome, browserVersion: 113.0.5672.127, chrome: {chromedriverVersion: 113.0.5672.63 (0e1a4471d5ae..., userDataDir: C:\Users\A734509\AppData\Lo...}, goog:chromeOptions: {debuggerAddress: localhost:59695}, javascriptEnabled: true, networkConnectionEnabled: false, pageLoadStrategy: normal, platform: WINDOWS, platformName: WINDOWS, proxy: Proxy(), setWindowRect: true, strictFileInteractability: false, timeouts: {implicit: 0, pageLoad: 300000, script: 30000}, unhandledPromptBehavior: dismiss and notify, webauthn:extension:credBlob: true, webauthn:extension:largeBlob: true, webauthn:extension:minPinLength: true, webauthn:extension:prf: true, webauthn:virtualAuthenticators: true}
Session ID: 24bb6b635ee34b81d6d80796255e5dc2
*** Element info: {Using=xpath, value=//div[@class = 'sidebar-menu-container']//*[contains(@class, 'sidebar-menu--item') and .//div[text() = 'General Ledger']]}&#13;
pageobjects.IRIS.LOG.Helpers.GenericPage.scrollIntoView(GenericPage.java:312)&#13;
pageobjects.IRIS.LOG.Helpers.GenericPage.clickElement(GenericPage.java:194)&#13;
pageobjects.IRIS.FAD.FADSidebarPage.clickSidebarMenu(FADSidebarPage.java:10)&#13;
pageobjects.IRIS.FAD.FADSidebarPage.openSidebarMenu(FADSidebarPage.java:14)&#13;
steps.IRIS.FAD.FADGenericSteps.when_I_open_page_from_sidebar_menu(FADGenericSteps.java:25)&#13;
steps.IRIS.FAD.SalaryAdvanceSteps.given_that_im_logged_in_to_salary_advance_page(SalaryAdvanceSteps.java:17)&#13;
org.icrc.fadapplic.IRIS.FAD.GeneralLedger.SalaryAdvance.createSalaryAdvanceEntry(SalaryAdvance.java:36)&#13;
</system-err></testcase></testsuite>