<?xml version="1.0" encoding="UTF-8"?><testsuite errors="9" failures="3" name="org.icrc.fadapplic.IRIS.FAD.AccountsPayable.ReviewAPEntries" skipped="0" tests="16" time="2236.41" timestamp="2024-11-26 08:54:50"><testcase classname="org.icrc.fadapplic.IRIS.FAD.AccountsPayable.ReviewAPEntries" name="Edit voucher entries delete a line"><error message="no such element: Unable to locate element: {&quot;method&quot;:&quot;xpath&quot;,&quot;selector&quot;:&quot;.//button[.//span[contains(text(), 'Payment Amount')]] | .//a[contains(text(), 'Payment Amount')] | //button//span[contains(.,'Payment Amount')] | .//a//span[contains(.,'Payment Amount')] | .//div//span[contains(.,'Payment Amount')]&quot;}&#10;  (Session info: chrome=131.0.6778.86)&#10;For documentation on this error, please visit: https://www.seleniumhq.org/exceptions/no_such_element.html&#10;Build info: version: '3.141.59', revision: 'e82be7d358', time: '2018-11-14T08:17:03'&#10;System info: host: 'PCS15848', ip: '192.168.1.12', os.name: 'Windows 10', os.arch: 'amd64', os.version: '10.0', java.version: '1.8.0_392'&#10;Driver info: org.openqa.selenium.chrome.ChromeDriver&#10;Capabilities {acceptInsecureCerts: false, browserName: chrome, browserVersion: 131.0.6778.86, chrome: {chromedriverVersion: 130.0.6723.69 (3ec172b971b9..., userDataDir: C:\Users\A734509\AppData\Lo...}, fedcm:accounts: true, goog:chromeOptions: {debuggerAddress: localhost:57154}, javascriptEnabled: true, networkConnectionEnabled: false, pageLoadStrategy: normal, platform: WINDOWS, platformName: WINDOWS, proxy: Proxy(), setWindowRect: true, strictFileInteractability: false, timeouts: {implicit: 0, pageLoad: 300000, script: 30000}, unhandledPromptBehavior: dismiss and notify, webauthn:extension:credBlob: true, webauthn:extension:largeBlob: true, webauthn:extension:minPinLength: true, webauthn:extension:prf: true, webauthn:virtualAuthenticators: true}&#10;Session ID: 908cc93b5df8d405152f47ec4f4a8565&#10;*** Element info: {Using=xpath, value=.//button[.//span[contains(text(), 'Payment Amount')]] | .//a[contains(text(), 'Payment Amount')] | //button//span[contains(.,'Payment Amount')] | .//a//span[contains(.,'Payment Amount')] | .//div//span[contains(.,'Payment Amount')]}" type="org.openqa.selenium.NoSuchElementException">no such element: Unable to locate element: {"method":"xpath","selector":".//button[.//span[contains(text(), 'Payment Amount')]] | .//a[contains(text(), 'Payment Amount')] | //button//span[contains(.,'Payment Amount')] | .//a//span[contains(.,'Payment Amount')] | .//div//span[contains(.,'Payment Amount')]"}
  (Session info: chrome=131.0.6778.86)
For documentation on this error, please visit: https://www.seleniumhq.org/exceptions/no_such_element.html
Build info: version: '3.141.59', revision: 'e82be7d358', time: '2018-11-14T08:17:03'
System info: host: 'PCS15848', ip: '192.168.1.12', os.name: 'Windows 10', os.arch: 'amd64', os.version: '10.0', java.version: '1.8.0_392'
Driver info: org.openqa.selenium.chrome.ChromeDriver
Capabilities {acceptInsecureCerts: false, browserName: chrome, browserVersion: 131.0.6778.86, chrome: {chromedriverVersion: 130.0.6723.69 (3ec172b971b9..., userDataDir: C:\Users\A734509\AppData\Lo...}, fedcm:accounts: true, goog:chromeOptions: {debuggerAddress: localhost:57154}, javascriptEnabled: true, networkConnectionEnabled: false, pageLoadStrategy: normal, platform: WINDOWS, platformName: WINDOWS, proxy: Proxy(), setWindowRect: true, strictFileInteractability: false, timeouts: {implicit: 0, pageLoad: 300000, script: 30000}, unhandledPromptBehavior: dismiss and notify, webauthn:extension:credBlob: true, webauthn:extension:largeBlob: true, webauthn:extension:minPinLength: true, webauthn:extension:prf: true, webauthn:virtualAuthenticators: true}
Session ID: 908cc93b5df8d405152f47ec4f4a8565
*** Element info: {Using=xpath, value=.//button[.//span[contains(text(), 'Payment Amount')]] | .//a[contains(text(), 'Payment Amount')] | //button//span[contains(.,'Payment Amount')] | .//a//span[contains(.,'Payment Amount')] | .//div//span[contains(.,'Payment Amount')]}</error><system-err>no such element: Unable to locate element: {"method":"xpath","selector":".//button[.//span[contains(text(), 'Payment Amount')]] | .//a[contains(text(), 'Payment Amount')] | //button//span[contains(.,'Payment Amount')] | .//a//span[contains(.,'Payment Amount')] | .//div//span[contains(.,'Payment Amount')]"}
  (Session info: chrome=131.0.6778.86)
For documentation on this error, please visit: https://www.seleniumhq.org/exceptions/no_such_element.html
Build info: version: '3.141.59', revision: 'e82be7d358', time: '2018-11-14T08:17:03'
System info: host: 'PCS15848', ip: '192.168.1.12', os.name: 'Windows 10', os.arch: 'amd64', os.version: '10.0', java.version: '1.8.0_392'
Driver info: org.openqa.selenium.chrome.ChromeDriver
Capabilities {acceptInsecureCerts: false, browserName: chrome, browserVersion: 131.0.6778.86, chrome: {chromedriverVersion: 130.0.6723.69 (3ec172b971b9..., userDataDir: C:\Users\A734509\AppData\Lo...}, fedcm:accounts: true, goog:chromeOptions: {debuggerAddress: localhost:57154}, javascriptEnabled: true, networkConnectionEnabled: false, pageLoadStrategy: normal, platform: WINDOWS, platformName: WINDOWS, proxy: Proxy(), setWindowRect: true, strictFileInteractability: false, timeouts: {implicit: 0, pageLoad: 300000, script: 30000}, unhandledPromptBehavior: dismiss and notify, webauthn:extension:credBlob: true, webauthn:extension:largeBlob: true, webauthn:extension:minPinLength: true, webauthn:extension:prf: true, webauthn:virtualAuthenticators: true}
Session ID: 908cc93b5df8d405152f47ec4f4a8565
*** Element info: {Using=xpath, value=.//button[.//span[contains(text(), 'Payment Amount')]] | .//a[contains(text(), 'Payment Amount')] | //button//span[contains(.,'Payment Amount')] | .//a//span[contains(.,'Payment Amount')] | .//div//span[contains(.,'Payment Amount')]}&#13;
pageobjects.IRIS.FAD.GenericPage.scrollIntoView(GenericPage.java:315)&#13;
pageobjects.IRIS.FAD.GenericPage.clickElement(GenericPage.java:197)&#13;
pageobjects.IRIS.FAD.GenericPage.clickLabeledButton(GenericPage.java:289)&#13;
pageobjects.IRIS.FAD.ReviewVoucherEntriesPage.clickPaymentAmountBtn(ReviewVoucherEntriesPage.java:48)&#13;
steps.IRIS.FAD.EditVoucherAPEntriesSteps.when_I_click_Payment_Amount_button(EditVoucherAPEntriesSteps.java:26)&#13;
org.icrc.fadapplic.IRIS.FAD.AccountsPayable.ReviewAPEntries.editVoucherEntriesDeleteALine(ReviewAPEntries.java:456)&#13;
</system-err></testcase><testcase classname="org.icrc.fadapplic.IRIS.FAD.AccountsPayable.ReviewAPEntries" name="Create manual payment and delete unposted payment"><error message="Expected condition failed: waiting for visibility of element located by By.xpath: //div[contains(@class, 'modal') and contains(@style, 'left: 0px')]//h3 (tried for 20 second(s) with 100 milliseconds interval)" type="org.openqa.selenium.TimeoutException">Expected condition failed: waiting for visibility of element located by By.xpath: //div[contains(@class, 'modal') and contains(@style, 'left: 0px')]//h3 (tried for 20 second(s) with 100 milliseconds interval)</error><system-err>Expected condition failed: waiting for visibility of element located by By.xpath: //div[contains(@class, 'modal') and contains(@style, 'left: 0px')]//h3 (tried for 20 second(s) with 100 milliseconds interval)&#13;
utils.ExplicitWait.explicitlyWaitForVisibilityOfElement(ExplicitWait.java:30)&#13;
pageobjects.IRIS.FAD.FADModalPage.getModalTitle(FADModalPage.java:21)&#13;
steps.IRIS.FAD.ManualPaymentSteps.then_the_Manual_Payment_Successfully_Created_modal_should_show_up(ManualPaymentSteps.java:96)&#13;
steps.IRIS.FAD.ManualPaymentSteps.then_the_Manual_Payment_Successfully_Created_modal_and_its_contents_should_show_up(ManualPaymentSteps.java:87)&#13;
org.icrc.fadapplic.IRIS.FAD.AccountsPayable.ReviewAPEntries.createManualPaymentAndDeleteUnpostedPayment(ReviewAPEntries.java:1421)&#13;
</system-err></testcase><testcase classname="org.icrc.fadapplic.IRIS.FAD.AccountsPayable.ReviewAPEntries" name="Clear employee field for GL distribution and voucher entries"><error message="no such element: Unable to locate element: {&quot;method&quot;:&quot;xpath&quot;,&quot;selector&quot;:&quot;.//button[.//span[contains(text(), 'Payment Amount')]] | .//a[contains(text(), 'Payment Amount')] | //button//span[contains(.,'Payment Amount')] | .//a//span[contains(.,'Payment Amount')] | .//div//span[contains(.,'Payment Amount')]&quot;}&#10;  (Session info: chrome=131.0.6778.86)&#10;For documentation on this error, please visit: https://www.seleniumhq.org/exceptions/no_such_element.html&#10;Build info: version: '3.141.59', revision: 'e82be7d358', time: '2018-11-14T08:17:03'&#10;System info: host: 'PCS15848', ip: '192.168.1.12', os.name: 'Windows 10', os.arch: 'amd64', os.version: '10.0', java.version: '1.8.0_392'&#10;Driver info: org.openqa.selenium.chrome.ChromeDriver&#10;Capabilities {acceptInsecureCerts: false, browserName: chrome, browserVersion: 131.0.6778.86, chrome: {chromedriverVersion: 130.0.6723.69 (3ec172b971b9..., userDataDir: C:\Users\A734509\AppData\Lo...}, fedcm:accounts: true, goog:chromeOptions: {debuggerAddress: localhost:57674}, javascriptEnabled: true, networkConnectionEnabled: false, pageLoadStrategy: normal, platform: WINDOWS, platformName: WINDOWS, proxy: Proxy(), setWindowRect: true, strictFileInteractability: false, timeouts: {implicit: 0, pageLoad: 300000, script: 30000}, unhandledPromptBehavior: dismiss and notify, webauthn:extension:credBlob: true, webauthn:extension:largeBlob: true, webauthn:extension:minPinLength: true, webauthn:extension:prf: true, webauthn:virtualAuthenticators: true}&#10;Session ID: 3a5c9dc4f6313a6f2c34d36129df7e4c&#10;*** Element info: {Using=xpath, value=.//button[.//span[contains(text(), 'Payment Amount')]] | .//a[contains(text(), 'Payment Amount')] | //button//span[contains(.,'Payment Amount')] | .//a//span[contains(.,'Payment Amount')] | .//div//span[contains(.,'Payment Amount')]}" type="org.openqa.selenium.NoSuchElementException">no such element: Unable to locate element: {"method":"xpath","selector":".//button[.//span[contains(text(), 'Payment Amount')]] | .//a[contains(text(), 'Payment Amount')] | //button//span[contains(.,'Payment Amount')] | .//a//span[contains(.,'Payment Amount')] | .//div//span[contains(.,'Payment Amount')]"}
  (Session info: chrome=131.0.6778.86)
For documentation on this error, please visit: https://www.seleniumhq.org/exceptions/no_such_element.html
Build info: version: '3.141.59', revision: 'e82be7d358', time: '2018-11-14T08:17:03'
System info: host: 'PCS15848', ip: '192.168.1.12', os.name: 'Windows 10', os.arch: 'amd64', os.version: '10.0', java.version: '1.8.0_392'
Driver info: org.openqa.selenium.chrome.ChromeDriver
Capabilities {acceptInsecureCerts: false, browserName: chrome, browserVersion: 131.0.6778.86, chrome: {chromedriverVersion: 130.0.6723.69 (3ec172b971b9..., userDataDir: C:\Users\A734509\AppData\Lo...}, fedcm:accounts: true, goog:chromeOptions: {debuggerAddress: localhost:57674}, javascriptEnabled: true, networkConnectionEnabled: false, pageLoadStrategy: normal, platform: WINDOWS, platformName: WINDOWS, proxy: Proxy(), setWindowRect: true, strictFileInteractability: false, timeouts: {implicit: 0, pageLoad: 300000, script: 30000}, unhandledPromptBehavior: dismiss and notify, webauthn:extension:credBlob: true, webauthn:extension:largeBlob: true, webauthn:extension:minPinLength: true, webauthn:extension:prf: true, webauthn:virtualAuthenticators: true}
Session ID: 3a5c9dc4f6313a6f2c34d36129df7e4c
*** Element info: {Using=xpath, value=.//button[.//span[contains(text(), 'Payment Amount')]] | .//a[contains(text(), 'Payment Amount')] | //button//span[contains(.,'Payment Amount')] | .//a//span[contains(.,'Payment Amount')] | .//div//span[contains(.,'Payment Amount')]}</error><system-err>no such element: Unable to locate element: {"method":"xpath","selector":".//button[.//span[contains(text(), 'Payment Amount')]] | .//a[contains(text(), 'Payment Amount')] | //button//span[contains(.,'Payment Amount')] | .//a//span[contains(.,'Payment Amount')] | .//div//span[contains(.,'Payment Amount')]"}
  (Session info: chrome=131.0.6778.86)
For documentation on this error, please visit: https://www.seleniumhq.org/exceptions/no_such_element.html
Build info: version: '3.141.59', revision: 'e82be7d358', time: '2018-11-14T08:17:03'
System info: host: 'PCS15848', ip: '192.168.1.12', os.name: 'Windows 10', os.arch: 'amd64', os.version: '10.0', java.version: '1.8.0_392'
Driver info: org.openqa.selenium.chrome.ChromeDriver
Capabilities {acceptInsecureCerts: false, browserName: chrome, browserVersion: 131.0.6778.86, chrome: {chromedriverVersion: 130.0.6723.69 (3ec172b971b9..., userDataDir: C:\Users\A734509\AppData\Lo...}, fedcm:accounts: true, goog:chromeOptions: {debuggerAddress: localhost:57674}, javascriptEnabled: true, networkConnectionEnabled: false, pageLoadStrategy: normal, platform: WINDOWS, platformName: WINDOWS, proxy: Proxy(), setWindowRect: true, strictFileInteractability: false, timeouts: {implicit: 0, pageLoad: 300000, script: 30000}, unhandledPromptBehavior: dismiss and notify, webauthn:extension:credBlob: true, webauthn:extension:largeBlob: true, webauthn:extension:minPinLength: true, webauthn:extension:prf: true, webauthn:virtualAuthenticators: true}
Session ID: 3a5c9dc4f6313a6f2c34d36129df7e4c
*** Element info: {Using=xpath, value=.//button[.//span[contains(text(), 'Payment Amount')]] | .//a[contains(text(), 'Payment Amount')] | //button//span[contains(.,'Payment Amount')] | .//a//span[contains(.,'Payment Amount')] | .//div//span[contains(.,'Payment Amount')]}&#13;
pageobjects.IRIS.FAD.GenericPage.scrollIntoView(GenericPage.java:315)&#13;
pageobjects.IRIS.FAD.GenericPage.clickElement(GenericPage.java:197)&#13;
pageobjects.IRIS.FAD.GenericPage.clickLabeledButton(GenericPage.java:289)&#13;
pageobjects.IRIS.FAD.ReviewVoucherEntriesPage.clickPaymentAmountBtn(ReviewVoucherEntriesPage.java:48)&#13;
steps.IRIS.FAD.EditVoucherAPEntriesSteps.when_I_click_Payment_Amount_button(EditVoucherAPEntriesSteps.java:26)&#13;
org.icrc.fadapplic.IRIS.FAD.AccountsPayable.ReviewAPEntries.clearEmployeeFieldForGLDistributionAndVoucherEntries(ReviewAPEntries.java:593)&#13;
</system-err></testcase><testcase classname="org.icrc.fadapplic.IRIS.FAD.AccountsPayable.ReviewAPEntries" name="Reversal of unposted PO redistribution"><error message="no such element: Unable to locate element: {&quot;method&quot;:&quot;xpath&quot;,&quot;selector&quot;:&quot; //div//table[contains(@class,'table')]//tbody//tr[contains(@class, 'table')][1]//td[0]//div[@class='form-item']&quot;}&#10;  (Session info: chrome=131.0.6778.86)&#10;For documentation on this error, please visit: https://www.seleniumhq.org/exceptions/no_such_element.html&#10;Build info: version: '3.141.59', revision: 'e82be7d358', time: '2018-11-14T08:17:03'&#10;System info: host: 'PCS15848', ip: '192.168.1.12', os.name: 'Windows 10', os.arch: 'amd64', os.version: '10.0', java.version: '1.8.0_392'&#10;Driver info: org.openqa.selenium.chrome.ChromeDriver&#10;Capabilities {acceptInsecureCerts: false, browserName: chrome, browserVersion: 131.0.6778.86, chrome: {chromedriverVersion: 130.0.6723.69 (3ec172b971b9..., userDataDir: C:\Users\A734509\AppData\Lo...}, fedcm:accounts: true, goog:chromeOptions: {debuggerAddress: localhost:57862}, javascriptEnabled: true, networkConnectionEnabled: false, pageLoadStrategy: normal, platform: WINDOWS, platformName: WINDOWS, proxy: Proxy(), setWindowRect: true, strictFileInteractability: false, timeouts: {implicit: 0, pageLoad: 300000, script: 30000}, unhandledPromptBehavior: dismiss and notify, webauthn:extension:credBlob: true, webauthn:extension:largeBlob: true, webauthn:extension:minPinLength: true, webauthn:extension:prf: true, webauthn:virtualAuthenticators: true}&#10;Session ID: dfcea3a0752a3c0c8bb71700126e3bcb&#10;*** Element info: {Using=xpath, value= //div//table[contains(@class,'table')]//tbody//tr[contains(@class, 'table')][1]//td[0]//div[@class='form-item']}" type="org.openqa.selenium.NoSuchElementException">no such element: Unable to locate element: {"method":"xpath","selector":" //div//table[contains(@class,'table')]//tbody//tr[contains(@class, 'table')][1]//td[0]//div[@class='form-item']"}
  (Session info: chrome=131.0.6778.86)
For documentation on this error, please visit: https://www.seleniumhq.org/exceptions/no_such_element.html
Build info: version: '3.141.59', revision: 'e82be7d358', time: '2018-11-14T08:17:03'
System info: host: 'PCS15848', ip: '192.168.1.12', os.name: 'Windows 10', os.arch: 'amd64', os.version: '10.0', java.version: '1.8.0_392'
Driver info: org.openqa.selenium.chrome.ChromeDriver
Capabilities {acceptInsecureCerts: false, browserName: chrome, browserVersion: 131.0.6778.86, chrome: {chromedriverVersion: 130.0.6723.69 (3ec172b971b9..., userDataDir: C:\Users\A734509\AppData\Lo...}, fedcm:accounts: true, goog:chromeOptions: {debuggerAddress: localhost:57862}, javascriptEnabled: true, networkConnectionEnabled: false, pageLoadStrategy: normal, platform: WINDOWS, platformName: WINDOWS, proxy: Proxy(), setWindowRect: true, strictFileInteractability: false, timeouts: {implicit: 0, pageLoad: 300000, script: 30000}, unhandledPromptBehavior: dismiss and notify, webauthn:extension:credBlob: true, webauthn:extension:largeBlob: true, webauthn:extension:minPinLength: true, webauthn:extension:prf: true, webauthn:virtualAuthenticators: true}
Session ID: dfcea3a0752a3c0c8bb71700126e3bcb
*** Element info: {Using=xpath, value= //div//table[contains(@class,'table')]//tbody//tr[contains(@class, 'table')][1]//td[0]//div[@class='form-item']}</error><system-err>no such element: Unable to locate element: {"method":"xpath","selector":" //div//table[contains(@class,'table')]//tbody//tr[contains(@class, 'table')][1]//td[0]//div[@class='form-item']"}
  (Session info: chrome=131.0.6778.86)
For documentation on this error, please visit: https://www.seleniumhq.org/exceptions/no_such_element.html
Build info: version: '3.141.59', revision: 'e82be7d358', time: '2018-11-14T08:17:03'
System info: host: 'PCS15848', ip: '192.168.1.12', os.name: 'Windows 10', os.arch: 'amd64', os.version: '10.0', java.version: '1.8.0_392'
Driver info: org.openqa.selenium.chrome.ChromeDriver
Capabilities {acceptInsecureCerts: false, browserName: chrome, browserVersion: 131.0.6778.86, chrome: {chromedriverVersion: 130.0.6723.69 (3ec172b971b9..., userDataDir: C:\Users\A734509\AppData\Lo...}, fedcm:accounts: true, goog:chromeOptions: {debuggerAddress: localhost:57862}, javascriptEnabled: true, networkConnectionEnabled: false, pageLoadStrategy: normal, platform: WINDOWS, platformName: WINDOWS, proxy: Proxy(), setWindowRect: true, strictFileInteractability: false, timeouts: {implicit: 0, pageLoad: 300000, script: 30000}, unhandledPromptBehavior: dismiss and notify, webauthn:extension:credBlob: true, webauthn:extension:largeBlob: true, webauthn:extension:minPinLength: true, webauthn:extension:prf: true, webauthn:virtualAuthenticators: true}
Session ID: dfcea3a0752a3c0c8bb71700126e3bcb
*** Element info: {Using=xpath, value= //div//table[contains(@class,'table')]//tbody//tr[contains(@class, 'table')][1]//td[0]//div[@class='form-item']}&#13;
pageobjects.IRIS.FAD.FADGenericPage.multipleTypeIntoInputPerCharacter(FADGenericPage.java:227)&#13;
pageobjects.IRIS.FAD.FADGenericPage.multipleTypeIntoInputPerCharacter(FADGenericPage.java:222)&#13;
pageobjects.IRIS.FAD.FADGenericPage.setTextFieldValueFromTable(FADGenericPage.java:332)&#13;
pageobjects.IRIS.FAD.PreLoggingPage.setGrossAmount(PreLoggingPage.java:17)&#13;
steps.IRIS.FAD.PreLoggingSteps.when_I_set_the_Gross_Amount(PreLoggingSteps.java:72)&#13;
org.icrc.fadapplic.IRIS.FAD.AccountsPayable.ReviewAPEntries.reversalOfUnpostedPORedistribution(ReviewAPEntries.java:654)&#13;
</system-err></testcase><testcase classname="org.icrc.fadapplic.IRIS.FAD.AccountsPayable.ReviewAPEntries" name="Create voucher entry and edit"><error message="no such element: Unable to locate element: {&quot;method&quot;:&quot;xpath&quot;,&quot;selector&quot;:&quot;.//button[.//span[contains(text(), 'Payment Amount')]] | .//a[contains(text(), 'Payment Amount')] | //button//span[contains(.,'Payment Amount')] | .//a//span[contains(.,'Payment Amount')] | .//div//span[contains(.,'Payment Amount')]&quot;}&#10;  (Session info: chrome=131.0.6778.86)&#10;For documentation on this error, please visit: https://www.seleniumhq.org/exceptions/no_such_element.html&#10;Build info: version: '3.141.59', revision: 'e82be7d358', time: '2018-11-14T08:17:03'&#10;System info: host: 'PCS15848', ip: '192.168.1.12', os.name: 'Windows 10', os.arch: 'amd64', os.version: '10.0', java.version: '1.8.0_392'&#10;Driver info: org.openqa.selenium.chrome.ChromeDriver&#10;Capabilities {acceptInsecureCerts: false, browserName: chrome, browserVersion: 131.0.6778.86, chrome: {chromedriverVersion: 130.0.6723.69 (3ec172b971b9..., userDataDir: C:\Users\A734509\AppData\Lo...}, fedcm:accounts: true, goog:chromeOptions: {debuggerAddress: localhost:49712}, javascriptEnabled: true, networkConnectionEnabled: false, pageLoadStrategy: normal, platform: WINDOWS, platformName: WINDOWS, proxy: Proxy(), setWindowRect: true, strictFileInteractability: false, timeouts: {implicit: 0, pageLoad: 300000, script: 30000}, unhandledPromptBehavior: dismiss and notify, webauthn:extension:credBlob: true, webauthn:extension:largeBlob: true, webauthn:extension:minPinLength: true, webauthn:extension:prf: true, webauthn:virtualAuthenticators: true}&#10;Session ID: 39b147a3e878de17dfc308499b3651fc&#10;*** Element info: {Using=xpath, value=.//button[.//span[contains(text(), 'Payment Amount')]] | .//a[contains(text(), 'Payment Amount')] | //button//span[contains(.,'Payment Amount')] | .//a//span[contains(.,'Payment Amount')] | .//div//span[contains(.,'Payment Amount')]}" type="org.openqa.selenium.NoSuchElementException">no such element: Unable to locate element: {"method":"xpath","selector":".//button[.//span[contains(text(), 'Payment Amount')]] | .//a[contains(text(), 'Payment Amount')] | //button//span[contains(.,'Payment Amount')] | .//a//span[contains(.,'Payment Amount')] | .//div//span[contains(.,'Payment Amount')]"}
  (Session info: chrome=131.0.6778.86)
For documentation on this error, please visit: https://www.seleniumhq.org/exceptions/no_such_element.html
Build info: version: '3.141.59', revision: 'e82be7d358', time: '2018-11-14T08:17:03'
System info: host: 'PCS15848', ip: '192.168.1.12', os.name: 'Windows 10', os.arch: 'amd64', os.version: '10.0', java.version: '1.8.0_392'
Driver info: org.openqa.selenium.chrome.ChromeDriver
Capabilities {acceptInsecureCerts: false, browserName: chrome, browserVersion: 131.0.6778.86, chrome: {chromedriverVersion: 130.0.6723.69 (3ec172b971b9..., userDataDir: C:\Users\A734509\AppData\Lo...}, fedcm:accounts: true, goog:chromeOptions: {debuggerAddress: localhost:49712}, javascriptEnabled: true, networkConnectionEnabled: false, pageLoadStrategy: normal, platform: WINDOWS, platformName: WINDOWS, proxy: Proxy(), setWindowRect: true, strictFileInteractability: false, timeouts: {implicit: 0, pageLoad: 300000, script: 30000}, unhandledPromptBehavior: dismiss and notify, webauthn:extension:credBlob: true, webauthn:extension:largeBlob: true, webauthn:extension:minPinLength: true, webauthn:extension:prf: true, webauthn:virtualAuthenticators: true}
Session ID: 39b147a3e878de17dfc308499b3651fc
*** Element info: {Using=xpath, value=.//button[.//span[contains(text(), 'Payment Amount')]] | .//a[contains(text(), 'Payment Amount')] | //button//span[contains(.,'Payment Amount')] | .//a//span[contains(.,'Payment Amount')] | .//div//span[contains(.,'Payment Amount')]}</error><system-err>no such element: Unable to locate element: {"method":"xpath","selector":".//button[.//span[contains(text(), 'Payment Amount')]] | .//a[contains(text(), 'Payment Amount')] | //button//span[contains(.,'Payment Amount')] | .//a//span[contains(.,'Payment Amount')] | .//div//span[contains(.,'Payment Amount')]"}
  (Session info: chrome=131.0.6778.86)
For documentation on this error, please visit: https://www.seleniumhq.org/exceptions/no_such_element.html
Build info: version: '3.141.59', revision: 'e82be7d358', time: '2018-11-14T08:17:03'
System info: host: 'PCS15848', ip: '192.168.1.12', os.name: 'Windows 10', os.arch: 'amd64', os.version: '10.0', java.version: '1.8.0_392'
Driver info: org.openqa.selenium.chrome.ChromeDriver
Capabilities {acceptInsecureCerts: false, browserName: chrome, browserVersion: 131.0.6778.86, chrome: {chromedriverVersion: 130.0.6723.69 (3ec172b971b9..., userDataDir: C:\Users\A734509\AppData\Lo...}, fedcm:accounts: true, goog:chromeOptions: {debuggerAddress: localhost:49712}, javascriptEnabled: true, networkConnectionEnabled: false, pageLoadStrategy: normal, platform: WINDOWS, platformName: WINDOWS, proxy: Proxy(), setWindowRect: true, strictFileInteractability: false, timeouts: {implicit: 0, pageLoad: 300000, script: 30000}, unhandledPromptBehavior: dismiss and notify, webauthn:extension:credBlob: true, webauthn:extension:largeBlob: true, webauthn:extension:minPinLength: true, webauthn:extension:prf: true, webauthn:virtualAuthenticators: true}
Session ID: 39b147a3e878de17dfc308499b3651fc
*** Element info: {Using=xpath, value=.//button[.//span[contains(text(), 'Payment Amount')]] | .//a[contains(text(), 'Payment Amount')] | //button//span[contains(.,'Payment Amount')] | .//a//span[contains(.,'Payment Amount')] | .//div//span[contains(.,'Payment Amount')]}&#13;
pageobjects.IRIS.FAD.GenericPage.scrollIntoView(GenericPage.java:315)&#13;
pageobjects.IRIS.FAD.GenericPage.clickElement(GenericPage.java:197)&#13;
pageobjects.IRIS.FAD.GenericPage.clickLabeledButton(GenericPage.java:289)&#13;
pageobjects.IRIS.FAD.ReviewVoucherEntriesPage.clickPaymentAmountBtn(ReviewVoucherEntriesPage.java:48)&#13;
steps.IRIS.FAD.EditVoucherAPEntriesSteps.when_I_click_Payment_Amount_button(EditVoucherAPEntriesSteps.java:26)&#13;
org.icrc.fadapplic.IRIS.FAD.AccountsPayable.ReviewAPEntries.createVoucherEntryAndEdit(ReviewAPEntries.java:1111)&#13;
</system-err></testcase><testcase classname="org.icrc.fadapplic.IRIS.FAD.AccountsPayable.ReviewAPEntries" name="Edit AP entries"><error message="no such element: Unable to locate element: {&quot;method&quot;:&quot;xpath&quot;,&quot;selector&quot;:&quot;.//button[.//span[contains(text(), 'Payment Amount')]] | .//a[contains(text(), 'Payment Amount')] | //button//span[contains(.,'Payment Amount')] | .//a//span[contains(.,'Payment Amount')] | .//div//span[contains(.,'Payment Amount')]&quot;}&#10;  (Session info: chrome=131.0.6778.86)&#10;For documentation on this error, please visit: https://www.seleniumhq.org/exceptions/no_such_element.html&#10;Build info: version: '3.141.59', revision: 'e82be7d358', time: '2018-11-14T08:17:03'&#10;System info: host: 'PCS15848', ip: '192.168.1.12', os.name: 'Windows 10', os.arch: 'amd64', os.version: '10.0', java.version: '1.8.0_392'&#10;Driver info: org.openqa.selenium.chrome.ChromeDriver&#10;Capabilities {acceptInsecureCerts: false, browserName: chrome, browserVersion: 131.0.6778.86, chrome: {chromedriverVersion: 130.0.6723.69 (3ec172b971b9..., userDataDir: C:\Users\A734509\AppData\Lo...}, fedcm:accounts: true, goog:chromeOptions: {debuggerAddress: localhost:49805}, javascriptEnabled: true, networkConnectionEnabled: false, pageLoadStrategy: normal, platform: WINDOWS, platformName: WINDOWS, proxy: Proxy(), setWindowRect: true, strictFileInteractability: false, timeouts: {implicit: 0, pageLoad: 300000, script: 30000}, unhandledPromptBehavior: dismiss and notify, webauthn:extension:credBlob: true, webauthn:extension:largeBlob: true, webauthn:extension:minPinLength: true, webauthn:extension:prf: true, webauthn:virtualAuthenticators: true}&#10;Session ID: 7ff28ccdc84b8f7c8b82cc99b9175d32&#10;*** Element info: {Using=xpath, value=.//button[.//span[contains(text(), 'Payment Amount')]] | .//a[contains(text(), 'Payment Amount')] | //button//span[contains(.,'Payment Amount')] | .//a//span[contains(.,'Payment Amount')] | .//div//span[contains(.,'Payment Amount')]}" type="org.openqa.selenium.NoSuchElementException">no such element: Unable to locate element: {"method":"xpath","selector":".//button[.//span[contains(text(), 'Payment Amount')]] | .//a[contains(text(), 'Payment Amount')] | //button//span[contains(.,'Payment Amount')] | .//a//span[contains(.,'Payment Amount')] | .//div//span[contains(.,'Payment Amount')]"}
  (Session info: chrome=131.0.6778.86)
For documentation on this error, please visit: https://www.seleniumhq.org/exceptions/no_such_element.html
Build info: version: '3.141.59', revision: 'e82be7d358', time: '2018-11-14T08:17:03'
System info: host: 'PCS15848', ip: '192.168.1.12', os.name: 'Windows 10', os.arch: 'amd64', os.version: '10.0', java.version: '1.8.0_392'
Driver info: org.openqa.selenium.chrome.ChromeDriver
Capabilities {acceptInsecureCerts: false, browserName: chrome, browserVersion: 131.0.6778.86, chrome: {chromedriverVersion: 130.0.6723.69 (3ec172b971b9..., userDataDir: C:\Users\A734509\AppData\Lo...}, fedcm:accounts: true, goog:chromeOptions: {debuggerAddress: localhost:49805}, javascriptEnabled: true, networkConnectionEnabled: false, pageLoadStrategy: normal, platform: WINDOWS, platformName: WINDOWS, proxy: Proxy(), setWindowRect: true, strictFileInteractability: false, timeouts: {implicit: 0, pageLoad: 300000, script: 30000}, unhandledPromptBehavior: dismiss and notify, webauthn:extension:credBlob: true, webauthn:extension:largeBlob: true, webauthn:extension:minPinLength: true, webauthn:extension:prf: true, webauthn:virtualAuthenticators: true}
Session ID: 7ff28ccdc84b8f7c8b82cc99b9175d32
*** Element info: {Using=xpath, value=.//button[.//span[contains(text(), 'Payment Amount')]] | .//a[contains(text(), 'Payment Amount')] | //button//span[contains(.,'Payment Amount')] | .//a//span[contains(.,'Payment Amount')] | .//div//span[contains(.,'Payment Amount')]}</error><system-err>no such element: Unable to locate element: {"method":"xpath","selector":".//button[.//span[contains(text(), 'Payment Amount')]] | .//a[contains(text(), 'Payment Amount')] | //button//span[contains(.,'Payment Amount')] | .//a//span[contains(.,'Payment Amount')] | .//div//span[contains(.,'Payment Amount')]"}
  (Session info: chrome=131.0.6778.86)
For documentation on this error, please visit: https://www.seleniumhq.org/exceptions/no_such_element.html
Build info: version: '3.141.59', revision: 'e82be7d358', time: '2018-11-14T08:17:03'
System info: host: 'PCS15848', ip: '192.168.1.12', os.name: 'Windows 10', os.arch: 'amd64', os.version: '10.0', java.version: '1.8.0_392'
Driver info: org.openqa.selenium.chrome.ChromeDriver
Capabilities {acceptInsecureCerts: false, browserName: chrome, browserVersion: 131.0.6778.86, chrome: {chromedriverVersion: 130.0.6723.69 (3ec172b971b9..., userDataDir: C:\Users\A734509\AppData\Lo...}, fedcm:accounts: true, goog:chromeOptions: {debuggerAddress: localhost:49805}, javascriptEnabled: true, networkConnectionEnabled: false, pageLoadStrategy: normal, platform: WINDOWS, platformName: WINDOWS, proxy: Proxy(), setWindowRect: true, strictFileInteractability: false, timeouts: {implicit: 0, pageLoad: 300000, script: 30000}, unhandledPromptBehavior: dismiss and notify, webauthn:extension:credBlob: true, webauthn:extension:largeBlob: true, webauthn:extension:minPinLength: true, webauthn:extension:prf: true, webauthn:virtualAuthenticators: true}
Session ID: 7ff28ccdc84b8f7c8b82cc99b9175d32
*** Element info: {Using=xpath, value=.//button[.//span[contains(text(), 'Payment Amount')]] | .//a[contains(text(), 'Payment Amount')] | //button//span[contains(.,'Payment Amount')] | .//a//span[contains(.,'Payment Amount')] | .//div//span[contains(.,'Payment Amount')]}&#13;
pageobjects.IRIS.FAD.GenericPage.scrollIntoView(GenericPage.java:315)&#13;
pageobjects.IRIS.FAD.GenericPage.clickElement(GenericPage.java:197)&#13;
pageobjects.IRIS.FAD.GenericPage.clickLabeledButton(GenericPage.java:289)&#13;
pageobjects.IRIS.FAD.ReviewVoucherEntriesPage.clickPaymentAmountBtn(ReviewVoucherEntriesPage.java:48)&#13;
steps.IRIS.FAD.EditVoucherAPEntriesSteps.when_I_click_Payment_Amount_button(EditVoucherAPEntriesSteps.java:26)&#13;
org.icrc.fadapplic.IRIS.FAD.AccountsPayable.ReviewAPEntries.editAPEntries(ReviewAPEntries.java:1745)&#13;
</system-err></testcase><testcase classname="org.icrc.fadapplic.IRIS.FAD.AccountsPayable.ReviewAPEntries" name="Review voucher AP entries"/><testcase classname="org.icrc.fadapplic.IRIS.FAD.AccountsPayable.ReviewAPEntries" name="Search payment"/><testcase classname="org.icrc.fadapplic.IRIS.FAD.AccountsPayable.ReviewAPEntries" name="Reversal of unposted voucher match"><error message="no such element: Unable to locate element: {&quot;method&quot;:&quot;xpath&quot;,&quot;selector&quot;:&quot;.//button[.//span[contains(text(), 'Validate')]] | .//a[contains(text(), 'Validate')] | //button//span[contains(.,'Validate')] | .//a//span[contains(.,'Validate')] | .//div//span[contains(.,'Validate')]&quot;}&#10;  (Session info: chrome=131.0.6778.86)&#10;For documentation on this error, please visit: https://www.seleniumhq.org/exceptions/no_such_element.html&#10;Build info: version: '3.141.59', revision: 'e82be7d358', time: '2018-11-14T08:17:03'&#10;System info: host: 'PCS15848', ip: '192.168.1.12', os.name: 'Windows 10', os.arch: 'amd64', os.version: '10.0', java.version: '1.8.0_392'&#10;Driver info: org.openqa.selenium.chrome.ChromeDriver&#10;Capabilities {acceptInsecureCerts: false, browserName: chrome, browserVersion: 131.0.6778.86, chrome: {chromedriverVersion: 130.0.6723.69 (3ec172b971b9..., userDataDir: C:\Users\A734509\AppData\Lo...}, fedcm:accounts: true, goog:chromeOptions: {debuggerAddress: localhost:50041}, javascriptEnabled: true, networkConnectionEnabled: false, pageLoadStrategy: normal, platform: WINDOWS, platformName: WINDOWS, proxy: Proxy(), setWindowRect: true, strictFileInteractability: false, timeouts: {implicit: 0, pageLoad: 300000, script: 30000}, unhandledPromptBehavior: dismiss and notify, webauthn:extension:credBlob: true, webauthn:extension:largeBlob: true, webauthn:extension:minPinLength: true, webauthn:extension:prf: true, webauthn:virtualAuthenticators: true}&#10;Session ID: a06860b69e6e1e322b2d36298e9e3c49&#10;*** Element info: {Using=xpath, value=.//button[.//span[contains(text(), 'Validate')]] | .//a[contains(text(), 'Validate')] | //button//span[contains(.,'Validate')] | .//a//span[contains(.,'Validate')] | .//div//span[contains(.,'Validate')]}" type="org.openqa.selenium.NoSuchElementException">no such element: Unable to locate element: {"method":"xpath","selector":".//button[.//span[contains(text(), 'Validate')]] | .//a[contains(text(), 'Validate')] | //button//span[contains(.,'Validate')] | .//a//span[contains(.,'Validate')] | .//div//span[contains(.,'Validate')]"}
  (Session info: chrome=131.0.6778.86)
For documentation on this error, please visit: https://www.seleniumhq.org/exceptions/no_such_element.html
Build info: version: '3.141.59', revision: 'e82be7d358', time: '2018-11-14T08:17:03'
System info: host: 'PCS15848', ip: '192.168.1.12', os.name: 'Windows 10', os.arch: 'amd64', os.version: '10.0', java.version: '1.8.0_392'
Driver info: org.openqa.selenium.chrome.ChromeDriver
Capabilities {acceptInsecureCerts: false, browserName: chrome, browserVersion: 131.0.6778.86, chrome: {chromedriverVersion: 130.0.6723.69 (3ec172b971b9..., userDataDir: C:\Users\A734509\AppData\Lo...}, fedcm:accounts: true, goog:chromeOptions: {debuggerAddress: localhost:50041}, javascriptEnabled: true, networkConnectionEnabled: false, pageLoadStrategy: normal, platform: WINDOWS, platformName: WINDOWS, proxy: Proxy(), setWindowRect: true, strictFileInteractability: false, timeouts: {implicit: 0, pageLoad: 300000, script: 30000}, unhandledPromptBehavior: dismiss and notify, webauthn:extension:credBlob: true, webauthn:extension:largeBlob: true, webauthn:extension:minPinLength: true, webauthn:extension:prf: true, webauthn:virtualAuthenticators: true}
Session ID: a06860b69e6e1e322b2d36298e9e3c49
*** Element info: {Using=xpath, value=.//button[.//span[contains(text(), 'Validate')]] | .//a[contains(text(), 'Validate')] | //button//span[contains(.,'Validate')] | .//a//span[contains(.,'Validate')] | .//div//span[contains(.,'Validate')]}</error><system-err>no such element: Unable to locate element: {"method":"xpath","selector":".//button[.//span[contains(text(), 'Validate')]] | .//a[contains(text(), 'Validate')] | //button//span[contains(.,'Validate')] | .//a//span[contains(.,'Validate')] | .//div//span[contains(.,'Validate')]"}
  (Session info: chrome=131.0.6778.86)
For documentation on this error, please visit: https://www.seleniumhq.org/exceptions/no_such_element.html
Build info: version: '3.141.59', revision: 'e82be7d358', time: '2018-11-14T08:17:03'
System info: host: 'PCS15848', ip: '192.168.1.12', os.name: 'Windows 10', os.arch: 'amd64', os.version: '10.0', java.version: '1.8.0_392'
Driver info: org.openqa.selenium.chrome.ChromeDriver
Capabilities {acceptInsecureCerts: false, browserName: chrome, browserVersion: 131.0.6778.86, chrome: {chromedriverVersion: 130.0.6723.69 (3ec172b971b9..., userDataDir: C:\Users\A734509\AppData\Lo...}, fedcm:accounts: true, goog:chromeOptions: {debuggerAddress: localhost:50041}, javascriptEnabled: true, networkConnectionEnabled: false, pageLoadStrategy: normal, platform: WINDOWS, platformName: WINDOWS, proxy: Proxy(), setWindowRect: true, strictFileInteractability: false, timeouts: {implicit: 0, pageLoad: 300000, script: 30000}, unhandledPromptBehavior: dismiss and notify, webauthn:extension:credBlob: true, webauthn:extension:largeBlob: true, webauthn:extension:minPinLength: true, webauthn:extension:prf: true, webauthn:virtualAuthenticators: true}
Session ID: a06860b69e6e1e322b2d36298e9e3c49
*** Element info: {Using=xpath, value=.//button[.//span[contains(text(), 'Validate')]] | .//a[contains(text(), 'Validate')] | //button//span[contains(.,'Validate')] | .//a//span[contains(.,'Validate')] | .//div//span[contains(.,'Validate')]}&#13;
pageobjects.IRIS.FAD.GenericPage.scrollIntoView(GenericPage.java:315)&#13;
pageobjects.IRIS.FAD.GenericPage.clickElement(GenericPage.java:197)&#13;
pageobjects.IRIS.FAD.GenericPage.clickLabeledButton(GenericPage.java:289)&#13;
pageobjects.IRIS.FAD.VoucherMatchPage.clickOnValidateBtn(VoucherMatchPage.java:97)&#13;
steps.IRIS.FAD.VoucherMatchSteps.when_I_click_on_Validate_button(VoucherMatchSteps.java:109)&#13;
org.icrc.fadapplic.IRIS.FAD.AccountsPayable.ReviewAPEntries.reversalOfUnpostedVoucherMatch(ReviewAPEntries.java:759)&#13;
</system-err></testcase><testcase classname="org.icrc.fadapplic.IRIS.FAD.AccountsPayable.ReviewAPEntries" name="Check edit button for voucher entry and redistribute GL"><failure message="expected:&lt;[Payment Information]&gt; but was:&lt;[118173 - Finejet Africa Holdings Limited - FIN01SS]&gt;" type="org.junit.ComparisonFailure">expected:&lt;[Payment Information]&gt; but was:&lt;[118173 - Finejet Africa Holdings Limited - FIN01SS]&gt;</failure><system-err>expected:&lt;[Payment Information]&gt; but was:&lt;[118173 - Finejet Africa Holdings Limited - FIN01SS]&gt;&#13;
steps.IRIS.FAD.VoucherEntrySteps.then_the_Payment_Information_form_and_its_contents_should_show_up(VoucherEntrySteps.java:32)&#13;
org.icrc.fadapplic.IRIS.FAD.AccountsPayable.ReviewAPEntries.checkEditButtonForVoucherEntryAndRedistributeGL(ReviewAPEntries.java:304)&#13;
</system-err></testcase><testcase classname="org.icrc.fadapplic.IRIS.FAD.AccountsPayable.ReviewAPEntries" name="Print payment form"><failure type="java.lang.AssertionError"/><system-err>null&#13;
steps.IRIS.FAD.ReviewPaymentsAPEntriesSteps.then_the_file_should_be_downloaded(ReviewPaymentsAPEntriesSteps.java:86)&#13;
org.icrc.fadapplic.IRIS.FAD.AccountsPayable.ReviewAPEntries.printPaymentForm(ReviewAPEntries.java:1478)&#13;
</system-err></testcase><testcase classname="org.icrc.fadapplic.IRIS.FAD.AccountsPayable.ReviewAPEntries" name="Edit voucher entry line account number"><error message="no such element: Unable to locate element: {&quot;method&quot;:&quot;xpath&quot;,&quot;selector&quot;:&quot;.//button[.//span[contains(text(), 'Payment Amount')]] | .//a[contains(text(), 'Payment Amount')] | //button//span[contains(.,'Payment Amount')] | .//a//span[contains(.,'Payment Amount')] | .//div//span[contains(.,'Payment Amount')]&quot;}&#10;  (Session info: chrome=131.0.6778.86)&#10;For documentation on this error, please visit: https://www.seleniumhq.org/exceptions/no_such_element.html&#10;Build info: version: '3.141.59', revision: 'e82be7d358', time: '2018-11-14T08:17:03'&#10;System info: host: 'PCS15848', ip: '192.168.1.12', os.name: 'Windows 10', os.arch: 'amd64', os.version: '10.0', java.version: '1.8.0_392'&#10;Driver info: org.openqa.selenium.chrome.ChromeDriver&#10;Capabilities {acceptInsecureCerts: false, browserName: chrome, browserVersion: 131.0.6778.86, chrome: {chromedriverVersion: 130.0.6723.69 (3ec172b971b9..., userDataDir: C:\Users\A734509\AppData\Lo...}, fedcm:accounts: true, goog:chromeOptions: {debuggerAddress: localhost:50266}, javascriptEnabled: true, networkConnectionEnabled: false, pageLoadStrategy: normal, platform: WINDOWS, platformName: WINDOWS, proxy: Proxy(), setWindowRect: true, strictFileInteractability: false, timeouts: {implicit: 0, pageLoad: 300000, script: 30000}, unhandledPromptBehavior: dismiss and notify, webauthn:extension:credBlob: true, webauthn:extension:largeBlob: true, webauthn:extension:minPinLength: true, webauthn:extension:prf: true, webauthn:virtualAuthenticators: true}&#10;Session ID: 45ad86e175db4388db4ba49d44494bf4&#10;*** Element info: {Using=xpath, value=.//button[.//span[contains(text(), 'Payment Amount')]] | .//a[contains(text(), 'Payment Amount')] | //button//span[contains(.,'Payment Amount')] | .//a//span[contains(.,'Payment Amount')] | .//div//span[contains(.,'Payment Amount')]}" type="org.openqa.selenium.NoSuchElementException">no such element: Unable to locate element: {"method":"xpath","selector":".//button[.//span[contains(text(), 'Payment Amount')]] | .//a[contains(text(), 'Payment Amount')] | //button//span[contains(.,'Payment Amount')] | .//a//span[contains(.,'Payment Amount')] | .//div//span[contains(.,'Payment Amount')]"}
  (Session info: chrome=131.0.6778.86)
For documentation on this error, please visit: https://www.seleniumhq.org/exceptions/no_such_element.html
Build info: version: '3.141.59', revision: 'e82be7d358', time: '2018-11-14T08:17:03'
System info: host: 'PCS15848', ip: '192.168.1.12', os.name: 'Windows 10', os.arch: 'amd64', os.version: '10.0', java.version: '1.8.0_392'
Driver info: org.openqa.selenium.chrome.ChromeDriver
Capabilities {acceptInsecureCerts: false, browserName: chrome, browserVersion: 131.0.6778.86, chrome: {chromedriverVersion: 130.0.6723.69 (3ec172b971b9..., userDataDir: C:\Users\A734509\AppData\Lo...}, fedcm:accounts: true, goog:chromeOptions: {debuggerAddress: localhost:50266}, javascriptEnabled: true, networkConnectionEnabled: false, pageLoadStrategy: normal, platform: WINDOWS, platformName: WINDOWS, proxy: Proxy(), setWindowRect: true, strictFileInteractability: false, timeouts: {implicit: 0, pageLoad: 300000, script: 30000}, unhandledPromptBehavior: dismiss and notify, webauthn:extension:credBlob: true, webauthn:extension:largeBlob: true, webauthn:extension:minPinLength: true, webauthn:extension:prf: true, webauthn:virtualAuthenticators: true}
Session ID: 45ad86e175db4388db4ba49d44494bf4
*** Element info: {Using=xpath, value=.//button[.//span[contains(text(), 'Payment Amount')]] | .//a[contains(text(), 'Payment Amount')] | //button//span[contains(.,'Payment Amount')] | .//a//span[contains(.,'Payment Amount')] | .//div//span[contains(.,'Payment Amount')]}</error><system-err>no such element: Unable to locate element: {"method":"xpath","selector":".//button[.//span[contains(text(), 'Payment Amount')]] | .//a[contains(text(), 'Payment Amount')] | //button//span[contains(.,'Payment Amount')] | .//a//span[contains(.,'Payment Amount')] | .//div//span[contains(.,'Payment Amount')]"}
  (Session info: chrome=131.0.6778.86)
For documentation on this error, please visit: https://www.seleniumhq.org/exceptions/no_such_element.html
Build info: version: '3.141.59', revision: 'e82be7d358', time: '2018-11-14T08:17:03'
System info: host: 'PCS15848', ip: '192.168.1.12', os.name: 'Windows 10', os.arch: 'amd64', os.version: '10.0', java.version: '1.8.0_392'
Driver info: org.openqa.selenium.chrome.ChromeDriver
Capabilities {acceptInsecureCerts: false, browserName: chrome, browserVersion: 131.0.6778.86, chrome: {chromedriverVersion: 130.0.6723.69 (3ec172b971b9..., userDataDir: C:\Users\A734509\AppData\Lo...}, fedcm:accounts: true, goog:chromeOptions: {debuggerAddress: localhost:50266}, javascriptEnabled: true, networkConnectionEnabled: false, pageLoadStrategy: normal, platform: WINDOWS, platformName: WINDOWS, proxy: Proxy(), setWindowRect: true, strictFileInteractability: false, timeouts: {implicit: 0, pageLoad: 300000, script: 30000}, unhandledPromptBehavior: dismiss and notify, webauthn:extension:credBlob: true, webauthn:extension:largeBlob: true, webauthn:extension:minPinLength: true, webauthn:extension:prf: true, webauthn:virtualAuthenticators: true}
Session ID: 45ad86e175db4388db4ba49d44494bf4
*** Element info: {Using=xpath, value=.//button[.//span[contains(text(), 'Payment Amount')]] | .//a[contains(text(), 'Payment Amount')] | //button//span[contains(.,'Payment Amount')] | .//a//span[contains(.,'Payment Amount')] | .//div//span[contains(.,'Payment Amount')]}&#13;
pageobjects.IRIS.FAD.GenericPage.scrollIntoView(GenericPage.java:315)&#13;
pageobjects.IRIS.FAD.GenericPage.clickElement(GenericPage.java:197)&#13;
pageobjects.IRIS.FAD.GenericPage.clickLabeledButton(GenericPage.java:289)&#13;
pageobjects.IRIS.FAD.ReviewVoucherEntriesPage.clickPaymentAmountBtn(ReviewVoucherEntriesPage.java:48)&#13;
steps.IRIS.FAD.EditVoucherAPEntriesSteps.when_I_click_Payment_Amount_button(EditVoucherAPEntriesSteps.java:26)&#13;
org.icrc.fadapplic.IRIS.FAD.AccountsPayable.ReviewAPEntries.editVoucherEntryLineAccountNumber(ReviewAPEntries.java:161)&#13;
</system-err></testcase><testcase classname="org.icrc.fadapplic.IRIS.FAD.AccountsPayable.ReviewAPEntries" name="Payment information"/><testcase classname="org.icrc.fadapplic.IRIS.FAD.AccountsPayable.ReviewAPEntries" name="Delete voucher AP entry"/><testcase classname="org.icrc.fadapplic.IRIS.FAD.AccountsPayable.ReviewAPEntries" name="Create voucher entry and test filter selection"><failure type="java.lang.AssertionError"/><system-err>null&#13;
steps.IRIS.FAD.ReviewVoucherAPEntriesSteps.then_the_review_voucher_search_result_should_show_up(ReviewVoucherAPEntriesSteps.java:31)&#13;
org.icrc.fadapplic.IRIS.FAD.AccountsPayable.ReviewAPEntries.createVoucherEntryAndTestFilterSelection(ReviewAPEntries.java:893)&#13;
</system-err></testcase><testcase classname="org.icrc.fadapplic.IRIS.FAD.AccountsPayable.ReviewAPEntries" name="Create voucher entry review and delete"><error message="no such element: Unable to locate element: {&quot;method&quot;:&quot;xpath&quot;,&quot;selector&quot;:&quot;.//button[.//span[contains(text(), 'Payment Amount')]] | .//a[contains(text(), 'Payment Amount')] | //button//span[contains(.,'Payment Amount')] | .//a//span[contains(.,'Payment Amount')] | .//div//span[contains(.,'Payment Amount')]&quot;}&#10;  (Session info: chrome=131.0.6778.86)&#10;For documentation on this error, please visit: https://www.seleniumhq.org/exceptions/no_such_element.html&#10;Build info: version: '3.141.59', revision: 'e82be7d358', time: '2018-11-14T08:17:03'&#10;System info: host: 'PCS15848', ip: '192.168.1.12', os.name: 'Windows 10', os.arch: 'amd64', os.version: '10.0', java.version: '1.8.0_392'&#10;Driver info: org.openqa.selenium.chrome.ChromeDriver&#10;Capabilities {acceptInsecureCerts: false, browserName: chrome, browserVersion: 131.0.6778.86, chrome: {chromedriverVersion: 130.0.6723.69 (3ec172b971b9..., userDataDir: C:\Users\A734509\AppData\Lo...}, fedcm:accounts: true, goog:chromeOptions: {debuggerAddress: localhost:50590}, javascriptEnabled: true, networkConnectionEnabled: false, pageLoadStrategy: normal, platform: WINDOWS, platformName: WINDOWS, proxy: Proxy(), setWindowRect: true, strictFileInteractability: false, timeouts: {implicit: 0, pageLoad: 300000, script: 30000}, unhandledPromptBehavior: dismiss and notify, webauthn:extension:credBlob: true, webauthn:extension:largeBlob: true, webauthn:extension:minPinLength: true, webauthn:extension:prf: true, webauthn:virtualAuthenticators: true}&#10;Session ID: 3d9f006967954546aae78ca596df2b7a&#10;*** Element info: {Using=xpath, value=.//button[.//span[contains(text(), 'Payment Amount')]] | .//a[contains(text(), 'Payment Amount')] | //button//span[contains(.,'Payment Amount')] | .//a//span[contains(.,'Payment Amount')] | .//div//span[contains(.,'Payment Amount')]}" type="org.openqa.selenium.NoSuchElementException">no such element: Unable to locate element: {"method":"xpath","selector":".//button[.//span[contains(text(), 'Payment Amount')]] | .//a[contains(text(), 'Payment Amount')] | //button//span[contains(.,'Payment Amount')] | .//a//span[contains(.,'Payment Amount')] | .//div//span[contains(.,'Payment Amount')]"}
  (Session info: chrome=131.0.6778.86)
For documentation on this error, please visit: https://www.seleniumhq.org/exceptions/no_such_element.html
Build info: version: '3.141.59', revision: 'e82be7d358', time: '2018-11-14T08:17:03'
System info: host: 'PCS15848', ip: '192.168.1.12', os.name: 'Windows 10', os.arch: 'amd64', os.version: '10.0', java.version: '1.8.0_392'
Driver info: org.openqa.selenium.chrome.ChromeDriver
Capabilities {acceptInsecureCerts: false, browserName: chrome, browserVersion: 131.0.6778.86, chrome: {chromedriverVersion: 130.0.6723.69 (3ec172b971b9..., userDataDir: C:\Users\A734509\AppData\Lo...}, fedcm:accounts: true, goog:chromeOptions: {debuggerAddress: localhost:50590}, javascriptEnabled: true, networkConnectionEnabled: false, pageLoadStrategy: normal, platform: WINDOWS, platformName: WINDOWS, proxy: Proxy(), setWindowRect: true, strictFileInteractability: false, timeouts: {implicit: 0, pageLoad: 300000, script: 30000}, unhandledPromptBehavior: dismiss and notify, webauthn:extension:credBlob: true, webauthn:extension:largeBlob: true, webauthn:extension:minPinLength: true, webauthn:extension:prf: true, webauthn:virtualAuthenticators: true}
Session ID: 3d9f006967954546aae78ca596df2b7a
*** Element info: {Using=xpath, value=.//button[.//span[contains(text(), 'Payment Amount')]] | .//a[contains(text(), 'Payment Amount')] | //button//span[contains(.,'Payment Amount')] | .//a//span[contains(.,'Payment Amount')] | .//div//span[contains(.,'Payment Amount')]}</error><system-err>no such element: Unable to locate element: {"method":"xpath","selector":".//button[.//span[contains(text(), 'Payment Amount')]] | .//a[contains(text(), 'Payment Amount')] | //button//span[contains(.,'Payment Amount')] | .//a//span[contains(.,'Payment Amount')] | .//div//span[contains(.,'Payment Amount')]"}
  (Session info: chrome=131.0.6778.86)
For documentation on this error, please visit: https://www.seleniumhq.org/exceptions/no_such_element.html
Build info: version: '3.141.59', revision: 'e82be7d358', time: '2018-11-14T08:17:03'
System info: host: 'PCS15848', ip: '192.168.1.12', os.name: 'Windows 10', os.arch: 'amd64', os.version: '10.0', java.version: '1.8.0_392'
Driver info: org.openqa.selenium.chrome.ChromeDriver
Capabilities {acceptInsecureCerts: false, browserName: chrome, browserVersion: 131.0.6778.86, chrome: {chromedriverVersion: 130.0.6723.69 (3ec172b971b9..., userDataDir: C:\Users\A734509\AppData\Lo...}, fedcm:accounts: true, goog:chromeOptions: {debuggerAddress: localhost:50590}, javascriptEnabled: true, networkConnectionEnabled: false, pageLoadStrategy: normal, platform: WINDOWS, platformName: WINDOWS, proxy: Proxy(), setWindowRect: true, strictFileInteractability: false, timeouts: {implicit: 0, pageLoad: 300000, script: 30000}, unhandledPromptBehavior: dismiss and notify, webauthn:extension:credBlob: true, webauthn:extension:largeBlob: true, webauthn:extension:minPinLength: true, webauthn:extension:prf: true, webauthn:virtualAuthenticators: true}
Session ID: 3d9f006967954546aae78ca596df2b7a
*** Element info: {Using=xpath, value=.//button[.//span[contains(text(), 'Payment Amount')]] | .//a[contains(text(), 'Payment Amount')] | //button//span[contains(.,'Payment Amount')] | .//a//span[contains(.,'Payment Amount')] | .//div//span[contains(.,'Payment Amount')]}&#13;
pageobjects.IRIS.FAD.GenericPage.scrollIntoView(GenericPage.java:315)&#13;
pageobjects.IRIS.FAD.GenericPage.clickElement(GenericPage.java:197)&#13;
pageobjects.IRIS.FAD.GenericPage.clickLabeledButton(GenericPage.java:289)&#13;
pageobjects.IRIS.FAD.ReviewVoucherEntriesPage.clickPaymentAmountBtn(ReviewVoucherEntriesPage.java:48)&#13;
steps.IRIS.FAD.EditVoucherAPEntriesSteps.when_I_click_Payment_Amount_button(EditVoucherAPEntriesSteps.java:26)&#13;
org.icrc.fadapplic.IRIS.FAD.AccountsPayable.ReviewAPEntries.createVoucherEntryReviewAndDelete(ReviewAPEntries.java:1260)&#13;
</system-err></testcase></testsuite>